Using pre-set license
Built from '2023.2/staging' branch; Version is '2023.2.18f1 (1cb755715f58) revision 1881941'; Using compiler version '193431935'; Build Type 'Release'
OS: 'Windows 11  (10.0.22631) 64bit CoreSingleLanguage' Language: 'es' Physical Memory: 16163 MB
BatchMode: 1, IsHumanControllingUs: 0, StartBugReporterOnCrash: 0, Is64bit: 1, IsPro: 1

COMMAND LINE ARGUMENTS:
C:\Program Files\Unity\Hub\Editor\2023.2.18f1\Editor\Unity.exe
-adb2
-batchMode
-noUpm
-name
AssetImportWorker19
-projectPath
C:/Users/Camila/Documents/GitHub/PRY-VR/PRY-NINJA
-logFile
Logs/AssetImportWorker19.log
-srvPort
57176
-job-worker-count
7
-background-job-worker-count
8
-asset-garbage-collectors
1
Successfully changed project path to: C:/Users/Camila/Documents/GitHub/PRY-VR/PRY-NINJA
C:/Users/Camila/Documents/GitHub/PRY-VR/PRY-NINJA
[UnityMemory] Configuration Parameters - Can be set up in boot.config
    "memorysetup-bucket-allocator-granularity=16"
    "memorysetup-bucket-allocator-bucket-count=8"
    "memorysetup-bucket-allocator-block-size=33554432"
    "memorysetup-bucket-allocator-block-count=8"
    "memorysetup-main-allocator-block-size=16777216"
    "memorysetup-thread-allocator-block-size=16777216"
    "memorysetup-gfx-main-allocator-block-size=16777216"
    "memorysetup-gfx-thread-allocator-block-size=16777216"
    "memorysetup-cache-allocator-block-size=4194304"
    "memorysetup-typetree-allocator-block-size=2097152"
    "memorysetup-profiler-bucket-allocator-granularity=16"
    "memorysetup-profiler-bucket-allocator-bucket-count=8"
    "memorysetup-profiler-bucket-allocator-block-size=33554432"
    "memorysetup-profiler-bucket-allocator-block-count=8"
    "memorysetup-profiler-allocator-block-size=16777216"
    "memorysetup-profiler-editor-allocator-block-size=1048576"
    "memorysetup-temp-allocator-size-main=16777216"
    "memorysetup-job-temp-allocator-block-size=2097152"
    "memorysetup-job-temp-allocator-block-size-background=1048576"
    "memorysetup-job-temp-allocator-reduction-small-platforms=262144"
    "memorysetup-allocator-temp-initial-block-size-main=262144"
    "memorysetup-allocator-temp-initial-block-size-worker=262144"
    "memorysetup-temp-allocator-size-background-worker=32768"
    "memorysetup-temp-allocator-size-job-worker=262144"
    "memorysetup-temp-allocator-size-preload-manager=33554432"
    "memorysetup-temp-allocator-size-nav-mesh-worker=65536"
    "memorysetup-temp-allocator-size-audio-worker=65536"
    "memorysetup-temp-allocator-size-cloud-worker=32768"
    "memorysetup-temp-allocator-size-gi-baking-worker=262144"
    "memorysetup-temp-allocator-size-gi-baking-worker=262144"
    "memorysetup-temp-allocator-size-gi-baking-worker=262144"
    "memorysetup-temp-allocator-size-gi-baking-worker=262144"
    "memorysetup-temp-allocator-size-gfx=262144"
Player connection [10308] Host "[IP] 192.168.56.1 [Port] 0 [Flags] 2 [Guid] 1530684881 [EditorId] 1530684881 [Version] 1048832 [Id] WindowsEditor(7,LAPTOP-55APQ7B7) [Debug] 1 [PackageName] WindowsEditor [ProjectName] Editor" joined multi-casting on [225.0.0.222:54997]...
Player connection [10308] Host "[IP] 192.168.56.1 [Port] 0 [Flags] 2 [Guid] 1530684881 [EditorId] 1530684881 [Version] 1048832 [Id] WindowsEditor(7,LAPTOP-55APQ7B7) [Debug] 1 [PackageName] WindowsEditor [ProjectName] Editor" joined alternative multi-casting on [225.0.0.222:34997]...
JobSystem: Creating JobQueue using job-worker-count value 7
[Physics::Module] Initialized MultithreadedJobDispatcher with 7 workers.
Library Redirect Path: Library/
Refreshing native plugins compatible for Editor in 7.68 ms, found 9 plugins.
Preloading 2 native plugins for Editor in 2.57 ms.
Initialize engine version: 2023.2.18f1 (1cb755715f58)
[Subsystems] Discovering subsystems at path C:/Program Files/Unity/Hub/Editor/2023.2.18f1/Editor/Data/Resources/UnitySubsystems
[Subsystems] Discovering subsystems at path C:/Users/Camila/Documents/GitHub/PRY-VR/PRY-NINJA/Assets
GfxDevice: creating device client; kGfxThreadingModeNonThreaded
Direct3D:
    Version:  Direct3D 11.0 [level 11.1]
    Renderer: NVIDIA GeForce RTX 3060 Laptop GPU (ID=0x2520)
    Vendor:   NVIDIA
    VRAM:     6023 MB
    Driver:   27.21.14.6262
Shader 'Oculus/OVRMRCameraFrameLit': fallback shader 'Alpha-Diffuse' not found
Shader 'Meta/MRUK/Scene/HighlightsAndShadows': fallback shader 'Off' not found
Initialize mono
Mono path[0] = 'C:/Program Files/Unity/Hub/Editor/2023.2.18f1/Editor/Data/Managed'
Mono path[1] = 'C:/Program Files/Unity/Hub/Editor/2023.2.18f1/Editor/Data/MonoBleedingEdge/lib/mono/unityjit-win32'
Mono config path = 'C:/Program Files/Unity/Hub/Editor/2023.2.18f1/Editor/Data/MonoBleedingEdge/etc'
Using monoOptions --debugger-agent=transport=dt_socket,embedding=1,server=y,suspend=n,address=127.0.0.1:56716
Begin MonoManager ReloadAssembly
Registering precompiled unity dll's ...
Register platform support module: C:/Program Files/Unity/Hub/Editor/2023.2.18f1/Editor/Data/PlaybackEngines/WebGLSupport/UnityEditor.WebGL.Extensions.dll
Register platform support module: C:/Program Files/Unity/Hub/Editor/2023.2.18f1/Editor/Data/PlaybackEngines/WindowsStandaloneSupport/UnityEditor.WindowsStandalone.Extensions.dll
Register platform support module: C:/Program Files/Unity/Hub/Editor/2023.2.18f1/Editor/Data/PlaybackEngines/MetroSupport/UnityEditor.UWP.Extensions.dll
Register platform support module: C:/Program Files/Unity/Hub/Editor/2023.2.18f1/Editor/Data/PlaybackEngines/AndroidPlayer/UnityEditor.Android.Extensions.dll
Register platform support module: C:/Program Files/Unity/Hub/Editor/2023.2.18f1/Editor/Data/PlaybackEngines/iOSSupport/UnityEditor.iOS.Extensions.dll
Register platform support module: C:/Program Files/Unity/Hub/Editor/2023.2.18f1/Editor/Data/PlaybackEngines/LinuxStandaloneSupport/UnityEditor.LinuxStandalone.Extensions.dll
Registered in 0.015413 seconds.
- Loaded All Assemblies, in  0.555 seconds
Native extension for LinuxStandalone target not found
Native extension for iOS target not found
Native extension for Android target not found
Android Extension - Scanning For ADB Devices 737 ms
Native extension for UWP target not found
Native extension for WindowsStandalone target not found
Native extension for WebGL target not found
Mono: successfully reloaded assembly
- Finished resetting the current domain, in  1.393 seconds
Domain Reload Profiling: 1946ms
	BeginReloadAssembly (174ms)
		ExecutionOrderSort (0ms)
		DisableScriptedObjects (0ms)
		BackupInstance (0ms)
		ReleaseScriptingObjects (0ms)
		CreateAndSetChildDomain (1ms)
	RebuildCommonClasses (49ms)
	RebuildNativeTypeToScriptingClass (14ms)
	initialDomainReloadingComplete (73ms)
	LoadAllAssembliesAndSetupDomain (243ms)
		LoadAssemblies (172ms)
		RebuildTransferFunctionScriptingTraits (0ms)
		AnalyzeDomain (236ms)
			TypeCache.Refresh (234ms)
				TypeCache.ScanAssembly (215ms)
			BuildScriptInfoCaches (0ms)
			ResolveRequiredComponents (1ms)
	FinalizeReload (1394ms)
		ReleaseScriptCaches (0ms)
		RebuildScriptCaches (0ms)
		SetupLoadedEditorAssemblies (1302ms)
			LogAssemblyErrors (0ms)
			InitializePlatformSupportModulesInManaged (921ms)
			SetLoadedEditorAssemblies (5ms)
			BeforeProcessingInitializeOnLoad (11ms)
			ProcessInitializeOnLoadAttributes (279ms)
			ProcessInitializeOnLoadMethodAttributes (86ms)
			AfterProcessingInitializeOnLoad (0ms)
			EditorAssembliesLoaded (0ms)
		ExecutionOrderSort2 (0ms)
		AwakeInstancesAfterBackupRestoration (0ms)
========================================================================
Worker process is ready to serve import requests
Import Worker Mode flag is 0x00
Begin MonoManager ReloadAssembly
- Loaded All Assemblies, in  1.496 seconds
Refreshing native plugins compatible for Editor in 6.27 ms, found 9 plugins.
Native extension for LinuxStandalone target not found
Native extension for iOS target not found
Native extension for Android target not found
Native extension for UWP target not found
Native extension for WindowsStandalone target not found
Native extension for WebGL target not found
Package Manager log level set to [2]
[Package Manager] Failed to launch server process. Reason: Unity was launched with the -noUpm command-line argument
[Package Manager] Unable to send message (not connected to server process).
[Package Manager] Cannot connect to Unity Package Manager local server
Mono: successfully reloaded assembly
- Finished resetting the current domain, in  1.132 seconds
Domain Reload Profiling: 2613ms
	BeginReloadAssembly (522ms)
		ExecutionOrderSort (0ms)
		DisableScriptedObjects (8ms)
		BackupInstance (0ms)
		ReleaseScriptingObjects (0ms)
		CreateAndSetChildDomain (49ms)
	RebuildCommonClasses (70ms)
	RebuildNativeTypeToScriptingClass (18ms)
	initialDomainReloadingComplete (57ms)
	LoadAllAssembliesAndSetupDomain (815ms)
		LoadAssemblies (608ms)
		RebuildTransferFunctionScriptingTraits (0ms)
		AnalyzeDomain (348ms)
			TypeCache.Refresh (276ms)
				TypeCache.ScanAssembly (248ms)
			BuildScriptInfoCaches (46ms)
			ResolveRequiredComponents (21ms)
	FinalizeReload (1132ms)
		ReleaseScriptCaches (0ms)
		RebuildScriptCaches (0ms)
		SetupLoadedEditorAssemblies (948ms)
			LogAssemblyErrors (0ms)
			InitializePlatformSupportModulesInManaged (39ms)
			SetLoadedEditorAssemblies (11ms)
			BeforeProcessingInitializeOnLoad (94ms)
			ProcessInitializeOnLoadAttributes (761ms)
			ProcessInitializeOnLoadMethodAttributes (33ms)
			AfterProcessingInitializeOnLoad (10ms)
			EditorAssembliesLoaded (0ms)
		ExecutionOrderSort2 (0ms)
		AwakeInstancesAfterBackupRestoration (13ms)
Shader 'Meta/MRUK/Scene/HighlightsAndShadows': fallback shader 'Off' not found
Shader 'Oculus/OVRMRCameraFrameLit': fallback shader 'Alpha-Diffuse' not found
Launched and connected shader compiler UnityShaderCompiler.exe after 0.03 seconds
Refreshing native plugins compatible for Editor in 10.13 ms, found 9 plugins.
Preloading 2 native plugins for Editor in 0.20 ms.
Unloading 112 Unused Serialized files (Serialized files now loaded: 0)
Unloading 5119 unused Assets / (1.5 MB). Loaded Objects now: 5799.
Memory consumption went from 161.4 MB to 159.9 MB.
Total: 12.068900 ms (FindLiveObjects: 0.711400 ms CreateObjectMapping: 0.859800 ms MarkObjects: 8.197100 ms  DeleteObjects: 2.298700 ms)

========================================================================
Received Import Request.
  Time since last request: 626229.212302 seconds.
  path: Assets/RealisticGrenadesPack/Stun/StunGrenade_s.fbx
  artifactKey: Guid(429f603be4644df46b65d4c201435df0) Importer(815301076,1909f56bfc062723c751e8b465ee728b)
Start importing Assets/RealisticGrenadesPack/Stun/StunGrenade_s.fbx using Guid(429f603be4644df46b65d4c201435df0) Importer(815301076,1909f56bfc062723c751e8b465ee728b) (PreviewImporter) -> (artifact id: 'a331c2fda5499b19e79783e2ea234434') in 0.2499572 seconds
Number of updated asset objects reloaded before import = 0Number of asset objects unloaded after import = 22

========================================================================
Received Import Request.
  Time since last request: 357.693118 seconds.
  path: Assets/RealisticGrenadesPack/M67/Grenade_M67.mat
  artifactKey: Guid(34b833efec419f94f9b6f9b28d1c8665) Importer(815301076,1909f56bfc062723c751e8b465ee728b)
Start importing Assets/RealisticGrenadesPack/M67/Grenade_M67.mat using Guid(34b833efec419f94f9b6f9b28d1c8665) Importer(815301076,1909f56bfc062723c751e8b465ee728b) (PreviewImporter) -> (artifact id: 'f3b5a3dfffd5a9ed276c878f7243d3ce') in 0.112347 seconds
Number of updated asset objects reloaded before import = 0Number of asset objects unloaded after import = 4

========================================================================
Received Import Request.
  Time since last request: 0.000046 seconds.
  path: Assets/RealisticGrenadesPack/Props/Materials/GrenadeCrate_lid_mat1.mat
  artifactKey: Guid(ff16e40eac6fae449adad43325df9af8) Importer(815301076,1909f56bfc062723c751e8b465ee728b)
Start importing Assets/RealisticGrenadesPack/Props/Materials/GrenadeCrate_lid_mat1.mat using Guid(ff16e40eac6fae449adad43325df9af8) Importer(815301076,1909f56bfc062723c751e8b465ee728b) (PreviewImporter) -> (artifact id: 'f533f8d6ce4f5512663398bb20ffa33b') in 0.0322642 seconds
Number of updated asset objects reloaded before import = 0Number of asset objects unloaded after import = 1

========================================================================
Received Import Request.
  Time since last request: 1.484690 seconds.
  path: Assets/RealisticGrenadesPack/Smoke/SmokeGrenade.fbx
  artifactKey: Guid(d6933e714ffd8e442ad603604193b397) Importer(815301076,1909f56bfc062723c751e8b465ee728b)
Start importing Assets/RealisticGrenadesPack/Smoke/SmokeGrenade.fbx using Guid(d6933e714ffd8e442ad603604193b397) Importer(815301076,1909f56bfc062723c751e8b465ee728b) (PreviewImporter) -> (artifact id: '4bddf42f7ece10bfaef7c3ecfc8d82f2') in 0.033109 seconds
Number of updated asset objects reloaded before import = 0Number of asset objects unloaded after import = 8

========================================================================
Received Import Request.
  Time since last request: 0.007731 seconds.
  path: Assets/RealisticGrenadesPack/Smoke/Textures/SmokeGrenade_MetallicSmoothness_1024.png
  artifactKey: Guid(5b1c21a33c4e7b440ae1d848c39399b8) Importer(815301076,1909f56bfc062723c751e8b465ee728b)
Start importing Assets/RealisticGrenadesPack/Smoke/Textures/SmokeGrenade_MetallicSmoothness_1024.png using Guid(5b1c21a33c4e7b440ae1d848c39399b8) Importer(815301076,1909f56bfc062723c751e8b465ee728b) (PreviewImporter) -> (artifact id: '591dfc41aeb397c6190203d7c10a46f5') in 0.0412001 seconds
Number of updated asset objects reloaded before import = 0Number of asset objects unloaded after import = 2

========================================================================
Received Import Request.
  Time since last request: 0.000133 seconds.
  path: Assets/RealisticGrenadesPack/Smoke/Textures/SmokeGrenade_Violet_AlbedoTransparency_2048.png
  artifactKey: Guid(fcb7b9c04a4fa1a44bff426827c6a714) Importer(815301076,1909f56bfc062723c751e8b465ee728b)
Start importing Assets/RealisticGrenadesPack/Smoke/Textures/SmokeGrenade_Violet_AlbedoTransparency_2048.png using Guid(fcb7b9c04a4fa1a44bff426827c6a714) Importer(815301076,1909f56bfc062723c751e8b465ee728b) (PreviewImporter) -> (artifact id: 'fa1c119634e61558cf5f77b9fc8c2f16') in 0.0215603 seconds
Number of updated asset objects reloaded before import = 0Number of asset objects unloaded after import = 2

========================================================================
Received Import Request.
  Time since last request: 0.000116 seconds.
  path: Assets/RealisticGrenadesPack/Smoke/SmokeGrenade_s.fbx
  artifactKey: Guid(71cf6a739de47154394e88b88a5d8469) Importer(815301076,1909f56bfc062723c751e8b465ee728b)
Start importing Assets/RealisticGrenadesPack/Smoke/SmokeGrenade_s.fbx using Guid(71cf6a739de47154394e88b88a5d8469) Importer(815301076,1909f56bfc062723c751e8b465ee728b) (PreviewImporter) -> (artifact id: '3c971173191b67f8c4cd80947e70c50d') in 0.0450747 seconds
Number of updated asset objects reloaded before import = 0Number of asset objects unloaded after import = 22

========================================================================
Received Import Request.
  Time since last request: 0.000024 seconds.
  path: Assets/RealisticGrenadesPack/Smoke/Textures/SmokeGrenade_Red_AlbedoTransparency_1024.png
  artifactKey: Guid(8b512428739987244af6d4fba9f8d790) Importer(815301076,1909f56bfc062723c751e8b465ee728b)
Start importing Assets/RealisticGrenadesPack/Smoke/Textures/SmokeGrenade_Red_AlbedoTransparency_1024.png using Guid(8b512428739987244af6d4fba9f8d790) Importer(815301076,1909f56bfc062723c751e8b465ee728b) (PreviewImporter) -> (artifact id: '406aa6168caff884aaaf2283cd9cb654') in 0.0189248 seconds
Number of updated asset objects reloaded before import = 0Number of asset objects unloaded after import = 2

========================================================================
Received Import Request.
  Time since last request: 0.000025 seconds.
  path: Assets/RealisticGrenadesPack/Smoke/SmokeGrenadeWhite.mat
  artifactKey: Guid(fb8b7ae8bef81b4459436e1eaf1fa5be) Importer(815301076,1909f56bfc062723c751e8b465ee728b)
Start importing Assets/RealisticGrenadesPack/Smoke/SmokeGrenadeWhite.mat using Guid(fb8b7ae8bef81b4459436e1eaf1fa5be) Importer(815301076,1909f56bfc062723c751e8b465ee728b) (PreviewImporter) -> (artifact id: '0f917710402d843a11d593d861a1d6dc') in 0.0298654 seconds
Number of updated asset objects reloaded before import = 0Number of asset objects unloaded after import = 4

========================================================================
Received Import Request.
  Time since last request: 0.000029 seconds.
  path: Assets/RealisticGrenadesPack/Smoke/Textures/SmokeGrenade_Violet_AlbedoTransparency_1024.png
  artifactKey: Guid(2f5c39d3a1d546d428c86823eb08f9fc) Importer(815301076,1909f56bfc062723c751e8b465ee728b)
Start importing Assets/RealisticGrenadesPack/Smoke/Textures/SmokeGrenade_Violet_AlbedoTransparency_1024.png using Guid(2f5c39d3a1d546d428c86823eb08f9fc) Importer(815301076,1909f56bfc062723c751e8b465ee728b) (PreviewImporter) -> (artifact id: 'fa9cbe5547df53aee06908898f14928e') in 0.0195549 seconds
Number of updated asset objects reloaded before import = 0Number of asset objects unloaded after import = 2

========================================================================
Received Import Request.
  Time since last request: 0.000094 seconds.
  path: Assets/RealisticGrenadesPack/Stun/Textures/StunGrenade_Normal_1024.png
  artifactKey: Guid(84f510b3df0058c4499588496ed4f41c) Importer(815301076,1909f56bfc062723c751e8b465ee728b)
Start importing Assets/RealisticGrenadesPack/Stun/Textures/StunGrenade_Normal_1024.png using Guid(84f510b3df0058c4499588496ed4f41c) Importer(815301076,1909f56bfc062723c751e8b465ee728b) (PreviewImporter) -> (artifact id: '84ebe4e429a5c4c3314cd68c65135195') in 0.0251689 seconds
Number of updated asset objects reloaded before import = 0Number of asset objects unloaded after import = 2

========================================================================
Received Import Request.
  Time since last request: 0.000027 seconds.
  path: Assets/RealisticGrenadesPack/Smoke/Textures/SmokeGrenade_Yellow_AlbedoTransparency_2048.png
  artifactKey: Guid(9b76bcd60741ef64d92a399002f57609) Importer(815301076,1909f56bfc062723c751e8b465ee728b)
Start importing Assets/RealisticGrenadesPack/Smoke/Textures/SmokeGrenade_Yellow_AlbedoTransparency_2048.png using Guid(9b76bcd60741ef64d92a399002f57609) Importer(815301076,1909f56bfc062723c751e8b465ee728b) (PreviewImporter) -> (artifact id: '7c9db9fb3663789802f5342404ba286f') in 0.0171146 seconds
Number of updated asset objects reloaded before import = 0Number of asset objects unloaded after import = 2

========================================================================
Received Import Request.
  Time since last request: 0.000030 seconds.
  path: Assets/RealisticGrenadesPack/Smoke/SmokeGrenadeViolet.mat
  artifactKey: Guid(818cb5b2cdc2fc848886f55cd940365b) Importer(815301076,1909f56bfc062723c751e8b465ee728b)
Start importing Assets/RealisticGrenadesPack/Smoke/SmokeGrenadeViolet.mat using Guid(818cb5b2cdc2fc848886f55cd940365b) Importer(815301076,1909f56bfc062723c751e8b465ee728b) (PreviewImporter) -> (artifact id: '40760a7e74f3e1b783d9d88e18666751') in 0.0282804 seconds
Number of updated asset objects reloaded before import = 0Number of asset objects unloaded after import = 4

========================================================================
Received Import Request.
  Time since last request: 0.000021 seconds.
  path: Assets/RealisticGrenadesPack/Smoke/Textures/SmokeGrenade_White_AlbedoTransparency_1024.png
  artifactKey: Guid(e72133e7ff9e7aa40ba143d1679cf093) Importer(815301076,1909f56bfc062723c751e8b465ee728b)
Start importing Assets/RealisticGrenadesPack/Smoke/Textures/SmokeGrenade_White_AlbedoTransparency_1024.png using Guid(e72133e7ff9e7aa40ba143d1679cf093) Importer(815301076,1909f56bfc062723c751e8b465ee728b) (PreviewImporter) -> (artifact id: '7cea30e9cf50c00b94b42d2ad5b3dec1') in 0.0153156 seconds
Number of updated asset objects reloaded before import = 0Number of asset objects unloaded after import = 2

========================================================================
Received Import Request.
  Time since last request: 0.000032 seconds.
  path: Assets/RealisticGrenadesPack/Stun/Textures/StunGrenade_AlbedoTransparency_2048.png
  artifactKey: Guid(1b72bfe599469cf48885b9ffb24f2aa4) Importer(815301076,1909f56bfc062723c751e8b465ee728b)
Start importing Assets/RealisticGrenadesPack/Stun/Textures/StunGrenade_AlbedoTransparency_2048.png using Guid(1b72bfe599469cf48885b9ffb24f2aa4) Importer(815301076,1909f56bfc062723c751e8b465ee728b) (PreviewImporter) -> (artifact id: '6371a07c6de52a481bf70d06d6dbfdff') in 0.019214 seconds
Number of updated asset objects reloaded before import = 0Number of asset objects unloaded after import = 2

========================================================================
Received Import Request.
  Time since last request: 0.000056 seconds.
  path: Assets/RealisticGrenadesPack/Smoke/Textures/SmokeGrenade_Green_AlbedoTransparency_1024.png
  artifactKey: Guid(a5fa9d9720da7e14498655fb6758ee13) Importer(815301076,1909f56bfc062723c751e8b465ee728b)
Start importing Assets/RealisticGrenadesPack/Smoke/Textures/SmokeGrenade_Green_AlbedoTransparency_1024.png using Guid(a5fa9d9720da7e14498655fb6758ee13) Importer(815301076,1909f56bfc062723c751e8b465ee728b) (PreviewImporter) -> (artifact id: '7eed46120b4d7b3fb444328d476ce931') in 0.0185439 seconds
Number of updated asset objects reloaded before import = 0Number of asset objects unloaded after import = 2

========================================================================
Received Import Request.
  Time since last request: 0.000046 seconds.
  path: Assets/RealisticGrenadesPack/Smoke/SmokeGrenadeGreen.mat
  artifactKey: Guid(672cdf279ba58864b9f0416896a1411d) Importer(815301076,1909f56bfc062723c751e8b465ee728b)
Start importing Assets/RealisticGrenadesPack/Smoke/SmokeGrenadeGreen.mat using Guid(672cdf279ba58864b9f0416896a1411d) Importer(815301076,1909f56bfc062723c751e8b465ee728b) (PreviewImporter) -> (artifact id: '4ca0c23ab58ae9f7cc5f26d29a0a83ed') in 0.028505 seconds
Number of updated asset objects reloaded before import = 0Number of asset objects unloaded after import = 4

Editor requested this worker to shutdown with reason: Scaling down because of idle timeout
AssetImportWorker is now disconnected from the server
Process exiting
Exiting without the bug reporter. Application will terminate with return code 0