Using pre-set license
Built from '2023.2/staging' branch; Version is '2023.2.18f1 (1cb755715f58) revision 1881941'; Using compiler version '193431935'; Build Type 'Release'
OS: 'Windows 11  (10.0.22631) 64bit CoreSingleLanguage' Language: 'es' Physical Memory: 16163 MB
BatchMode: 1, IsHumanControllingUs: 0, StartBugReporterOnCrash: 0, Is64bit: 1, IsPro: 1

COMMAND LINE ARGUMENTS:
C:\Program Files\Unity\Hub\Editor\2023.2.18f1\Editor\Unity.exe
-adb2
-batchMode
-noUpm
-name
AssetImportWorker9
-projectPath
C:/Users/Camila/Documents/GitHub/PRY-VR/PRY-NINJA
-logFile
Logs/AssetImportWorker9.log
-srvPort
57176
-job-worker-count
7
-background-job-worker-count
8
-asset-garbage-collectors
1
Successfully changed project path to: C:/Users/Camila/Documents/GitHub/PRY-VR/PRY-NINJA
C:/Users/Camila/Documents/GitHub/PRY-VR/PRY-NINJA
[UnityMemory] Configuration Parameters - Can be set up in boot.config
    "memorysetup-bucket-allocator-granularity=16"
    "memorysetup-bucket-allocator-bucket-count=8"
    "memorysetup-bucket-allocator-block-size=33554432"
    "memorysetup-bucket-allocator-block-count=8"
    "memorysetup-main-allocator-block-size=16777216"
    "memorysetup-thread-allocator-block-size=16777216"
    "memorysetup-gfx-main-allocator-block-size=16777216"
    "memorysetup-gfx-thread-allocator-block-size=16777216"
    "memorysetup-cache-allocator-block-size=4194304"
    "memorysetup-typetree-allocator-block-size=2097152"
    "memorysetup-profiler-bucket-allocator-granularity=16"
    "memorysetup-profiler-bucket-allocator-bucket-count=8"
    "memorysetup-profiler-bucket-allocator-block-size=33554432"
    "memorysetup-profiler-bucket-allocator-block-count=8"
    "memorysetup-profiler-allocator-block-size=16777216"
    "memorysetup-profiler-editor-allocator-block-size=1048576"
    "memorysetup-temp-allocator-size-main=16777216"
    "memorysetup-job-temp-allocator-block-size=2097152"
    "memorysetup-job-temp-allocator-block-size-background=1048576"
    "memorysetup-job-temp-allocator-reduction-small-platforms=262144"
    "memorysetup-allocator-temp-initial-block-size-main=262144"
    "memorysetup-allocator-temp-initial-block-size-worker=262144"
    "memorysetup-temp-allocator-size-background-worker=32768"
    "memorysetup-temp-allocator-size-job-worker=262144"
    "memorysetup-temp-allocator-size-preload-manager=33554432"
    "memorysetup-temp-allocator-size-nav-mesh-worker=65536"
    "memorysetup-temp-allocator-size-audio-worker=65536"
    "memorysetup-temp-allocator-size-cloud-worker=32768"
    "memorysetup-temp-allocator-size-gi-baking-worker=262144"
    "memorysetup-temp-allocator-size-gi-baking-worker=262144"
    "memorysetup-temp-allocator-size-gi-baking-worker=262144"
    "memorysetup-temp-allocator-size-gi-baking-worker=262144"
    "memorysetup-temp-allocator-size-gfx=262144"
Player connection [41288] Host "[IP] 192.168.56.1 [Port] 0 [Flags] 2 [Guid] 1405824867 [EditorId] 1405824867 [Version] 1048832 [Id] WindowsEditor(7,LAPTOP-55APQ7B7) [Debug] 1 [PackageName] WindowsEditor [ProjectName] Editor" joined multi-casting on [225.0.0.222:54997]...
Player connection [41288] Host "[IP] 192.168.56.1 [Port] 0 [Flags] 2 [Guid] 1405824867 [EditorId] 1405824867 [Version] 1048832 [Id] WindowsEditor(7,LAPTOP-55APQ7B7) [Debug] 1 [PackageName] WindowsEditor [ProjectName] Editor" joined alternative multi-casting on [225.0.0.222:34997]...
JobSystem: Creating JobQueue using job-worker-count value 7
[Physics::Module] Initialized MultithreadedJobDispatcher with 7 workers.
Library Redirect Path: Library/
Refreshing native plugins compatible for Editor in 655.65 ms, found 9 plugins.
Preloading 2 native plugins for Editor in 6.79 ms.
Initialize engine version: 2023.2.18f1 (1cb755715f58)
[Subsystems] Discovering subsystems at path C:/Program Files/Unity/Hub/Editor/2023.2.18f1/Editor/Data/Resources/UnitySubsystems
[Subsystems] Discovering subsystems at path C:/Users/Camila/Documents/GitHub/PRY-VR/PRY-NINJA/Assets
GfxDevice: creating device client; kGfxThreadingModeNonThreaded
Direct3D:
    Version:  Direct3D 11.0 [level 11.1]
    Renderer: NVIDIA GeForce RTX 3060 Laptop GPU (ID=0x2520)
    Vendor:   NVIDIA
    VRAM:     6023 MB
    Driver:   27.21.14.6262
Shader 'Oculus/OVRMRCameraFrameLit': fallback shader 'Alpha-Diffuse' not found
Shader 'Meta/MRUK/Scene/HighlightsAndShadows': fallback shader 'Off' not found
Initialize mono
Mono path[0] = 'C:/Program Files/Unity/Hub/Editor/2023.2.18f1/Editor/Data/Managed'
Mono path[1] = 'C:/Program Files/Unity/Hub/Editor/2023.2.18f1/Editor/Data/MonoBleedingEdge/lib/mono/unityjit-win32'
Mono config path = 'C:/Program Files/Unity/Hub/Editor/2023.2.18f1/Editor/Data/MonoBleedingEdge/etc'
Using monoOptions --debugger-agent=transport=dt_socket,embedding=1,server=y,suspend=n,address=127.0.0.1:56076
Begin MonoManager ReloadAssembly
Registering precompiled unity dll's ...
Register platform support module: C:/Program Files/Unity/Hub/Editor/2023.2.18f1/Editor/Data/PlaybackEngines/WebGLSupport/UnityEditor.WebGL.Extensions.dll
Register platform support module: C:/Program Files/Unity/Hub/Editor/2023.2.18f1/Editor/Data/PlaybackEngines/WindowsStandaloneSupport/UnityEditor.WindowsStandalone.Extensions.dll
Register platform support module: C:/Program Files/Unity/Hub/Editor/2023.2.18f1/Editor/Data/PlaybackEngines/MetroSupport/UnityEditor.UWP.Extensions.dll
Register platform support module: C:/Program Files/Unity/Hub/Editor/2023.2.18f1/Editor/Data/PlaybackEngines/AndroidPlayer/UnityEditor.Android.Extensions.dll
Register platform support module: C:/Program Files/Unity/Hub/Editor/2023.2.18f1/Editor/Data/PlaybackEngines/iOSSupport/UnityEditor.iOS.Extensions.dll
Register platform support module: C:/Program Files/Unity/Hub/Editor/2023.2.18f1/Editor/Data/PlaybackEngines/LinuxStandaloneSupport/UnityEditor.LinuxStandalone.Extensions.dll
Registered in 0.980730 seconds.
- Loaded All Assemblies, in 11.172 seconds
Native extension for LinuxStandalone target not found
Native extension for iOS target not found
Native extension for Android target not found
Win32Exception: La operación se completó correctamente.
  at System.Diagnostics.Process.Kill () [0x00018] in <c59f9728a2a0476c8a0dd8833e4e8924>:0 
  at (wrapper remoting-invoke-with-check) System.Diagnostics.Process.Kill()
  at UnityEditor.Android.AndroidDeploymentTargetsExtension.GetKnownTargets (UnityEditor.DeploymentTargets.IDeploymentTargetsMainThreadContext context, UnityEditor.ProgressHandler progressHandler) [0x00174] in <fc5f1f8f6507459baca31b68a72cf718>:0 
  at UnityEditor.Android.TargetScanWorker.ScanSync () [0x00039] in <fc5f1f8f6507459baca31b68a72cf718>:0 
  at UnityEditor.Android.TargetExtension.OnUsbDevicesChanged (UnityEditor.Hardware.UsbDevice[] usbDevices) [0x00081] in <fc5f1f8f6507459baca31b68a72cf718>:0 
  at UnityEditor.Android.TargetExtension.OnLoad () [0x000ad] in <fc5f1f8f6507459baca31b68a72cf718>:0 
  at UnityEditor.Modules.ModuleManager.InitializePlatformSupportModules () [0x000b9] in <268d9159c66c40b2bbe6bbceb98f5aac>:0 

Mono: successfully reloaded assembly
- Finished resetting the current domain, in  1.311 seconds
Domain Reload Profiling: 12482ms
	BeginReloadAssembly (8976ms)
		ExecutionOrderSort (0ms)
		DisableScriptedObjects (0ms)
		BackupInstance (0ms)
		ReleaseScriptingObjects (0ms)
		CreateAndSetChildDomain (1ms)
	RebuildCommonClasses (72ms)
	RebuildNativeTypeToScriptingClass (14ms)
	initialDomainReloadingComplete (1060ms)
	LoadAllAssembliesAndSetupDomain (1046ms)
		LoadAssemblies (8974ms)
		RebuildTransferFunctionScriptingTraits (0ms)
		AnalyzeDomain (1041ms)
			TypeCache.Refresh (1039ms)
				TypeCache.ScanAssembly (1008ms)
			BuildScriptInfoCaches (0ms)
			ResolveRequiredComponents (0ms)
	FinalizeReload (1313ms)
		ReleaseScriptCaches (0ms)
		RebuildScriptCaches (0ms)
		SetupLoadedEditorAssemblies (1233ms)
			LogAssemblyErrors (0ms)
			InitializePlatformSupportModulesInManaged (886ms)
			SetLoadedEditorAssemblies (9ms)
			BeforeProcessingInitializeOnLoad (9ms)
			ProcessInitializeOnLoadAttributes (253ms)
			ProcessInitializeOnLoadMethodAttributes (76ms)
			AfterProcessingInitializeOnLoad (0ms)
			EditorAssembliesLoaded (0ms)
		ExecutionOrderSort2 (0ms)
		AwakeInstancesAfterBackupRestoration (0ms)
========================================================================
Worker process is ready to serve import requests
Import Worker Mode flag is 0x00
Begin MonoManager ReloadAssembly
- Loaded All Assemblies, in 12.290 seconds
Refreshing native plugins compatible for Editor in 5.06 ms, found 9 plugins.
Native extension for LinuxStandalone target not found
Native extension for iOS target not found
Native extension for Android target not found
Native extension for UWP target not found
Native extension for WindowsStandalone target not found
Native extension for WebGL target not found
Package Manager log level set to [2]
[Package Manager] Failed to launch server process. Reason: Unity was launched with the -noUpm command-line argument
[Package Manager] Unable to send message (not connected to server process).
[Package Manager] Cannot connect to Unity Package Manager local server
Mono: successfully reloaded assembly
- Finished resetting the current domain, in  1.152 seconds
Domain Reload Profiling: 13411ms
	BeginReloadAssembly (944ms)
		ExecutionOrderSort (0ms)
		DisableScriptedObjects (10ms)
		BackupInstance (0ms)
		ReleaseScriptingObjects (0ms)
		CreateAndSetChildDomain (46ms)
	RebuildCommonClasses (57ms)
	RebuildNativeTypeToScriptingClass (13ms)
	initialDomainReloadingComplete (47ms)
	LoadAllAssembliesAndSetupDomain (11197ms)
		LoadAssemblies (10984ms)
		RebuildTransferFunctionScriptingTraits (0ms)
		AnalyzeDomain (341ms)
			TypeCache.Refresh (278ms)
				TypeCache.ScanAssembly (242ms)
			BuildScriptInfoCaches (47ms)
			ResolveRequiredComponents (12ms)
	FinalizeReload (1153ms)
		ReleaseScriptCaches (0ms)
		RebuildScriptCaches (0ms)
		SetupLoadedEditorAssemblies (963ms)
			LogAssemblyErrors (0ms)
			InitializePlatformSupportModulesInManaged (33ms)
			SetLoadedEditorAssemblies (9ms)
			BeforeProcessingInitializeOnLoad (82ms)
			ProcessInitializeOnLoadAttributes (800ms)
			ProcessInitializeOnLoadMethodAttributes (29ms)
			AfterProcessingInitializeOnLoad (10ms)
			EditorAssembliesLoaded (0ms)
		ExecutionOrderSort2 (0ms)
		AwakeInstancesAfterBackupRestoration (11ms)
Shader 'Meta/MRUK/Scene/HighlightsAndShadows': fallback shader 'Off' not found
Shader 'Oculus/OVRMRCameraFrameLit': fallback shader 'Alpha-Diffuse' not found
Launched and connected shader compiler UnityShaderCompiler.exe after 0.03 seconds
Refreshing native plugins compatible for Editor in 11.95 ms, found 9 plugins.
Preloading 2 native plugins for Editor in 0.13 ms.
Unloading 108 Unused Serialized files (Serialized files now loaded: 0)
Unloading 5114 unused Assets / (1.2 MB). Loaded Objects now: 5791.
Memory consumption went from 159.9 MB to 158.7 MB.
Total: 13.065300 ms (FindLiveObjects: 0.599800 ms CreateObjectMapping: 0.998700 ms MarkObjects: 8.692300 ms  DeleteObjects: 2.773300 ms)

========================================================================
Received Import Request.
  Time since last request: 617211.978979 seconds.
  path: Packages/com.meta.xr.sdk.sharedassets/Runtime/3D/Environment/Room/backgroundSkyDome.prefab
  artifactKey: Guid(11ce6df4fa714fb4ba02cd655623f8e9) Importer(815301076,1909f56bfc062723c751e8b465ee728b)
Start importing Packages/com.meta.xr.sdk.sharedassets/Runtime/3D/Environment/Room/backgroundSkyDome.prefab using Guid(11ce6df4fa714fb4ba02cd655623f8e9) Importer(815301076,1909f56bfc062723c751e8b465ee728b) (PreviewImporter) -> (artifact id: 'c1cb693e8633615c66dd8da7e2cf0e8b') in 0.1852442 seconds
Number of updated asset objects reloaded before import = 0Number of asset objects unloaded after import = 8

========================================================================
Received Import Request.
  Time since last request: 0.000042 seconds.
  path: Packages/com.meta.xr.sdk.interaction/Runtime/Textures/fingers_glow_mask.png
  artifactKey: Guid(67be4f15fa1af0c4486fedbfeb87774c) Importer(815301076,1909f56bfc062723c751e8b465ee728b)
Start importing Packages/com.meta.xr.sdk.interaction/Runtime/Textures/fingers_glow_mask.png using Guid(67be4f15fa1af0c4486fedbfeb87774c) Importer(815301076,1909f56bfc062723c751e8b465ee728b) (PreviewImporter) -> (artifact id: '2dda0e8649fbd4bd490db7d76034d6ef') in 0.0512506 seconds
Number of updated asset objects reloaded before import = 0Number of asset objects unloaded after import = 2

========================================================================
Received Import Request.
  Time since last request: 0.000077 seconds.
  path: Packages/com.meta.xr.sdk.sharedassets/Runtime/3D/Environment/Desk/DeskWithLegs/DeskWithLegs.prefab
  artifactKey: Guid(8b6ac4461b5b6724cbaa675b78b8def4) Importer(815301076,1909f56bfc062723c751e8b465ee728b)
Start importing Packages/com.meta.xr.sdk.sharedassets/Runtime/3D/Environment/Desk/DeskWithLegs/DeskWithLegs.prefab using Guid(8b6ac4461b5b6724cbaa675b78b8def4) Importer(815301076,1909f56bfc062723c751e8b465ee728b) (PreviewImporter) -> (artifact id: 'ec888ebb2dca5baa52846056262f7fe4') in 0.0556441 seconds
Number of updated asset objects reloaded before import = 0Number of asset objects unloaded after import = 11

========================================================================
Received Import Request.
  Time since last request: 0.000473 seconds.
  path: Packages/com.meta.xr.sdk.sharedassets/Runtime/Shared/Samples/Objects/Environment/MRDesk/Textures/MRDesk.png
  artifactKey: Guid(36045e66738ff154a8b58d1552203882) Importer(815301076,1909f56bfc062723c751e8b465ee728b)
Start importing Packages/com.meta.xr.sdk.sharedassets/Runtime/Shared/Samples/Objects/Environment/MRDesk/Textures/MRDesk.png using Guid(36045e66738ff154a8b58d1552203882) Importer(815301076,1909f56bfc062723c751e8b465ee728b) (PreviewImporter) -> (artifact id: '33b0bb674bf506580a0b215b0871ddf6') in 0.0205592 seconds
Number of updated asset objects reloaded before import = 0Number of asset objects unloaded after import = 2

========================================================================
Received Import Request.
  Time since last request: 0.000049 seconds.
  path: Packages/com.meta.xr.sdk.sharedassets/Runtime/Shared/Samples/Objects/Environment/Room/Models/backgroundSkyDome.fbx
  artifactKey: Guid(216e64467da9e644b990c6663f483186) Importer(815301076,1909f56bfc062723c751e8b465ee728b)
Start importing Packages/com.meta.xr.sdk.sharedassets/Runtime/Shared/Samples/Objects/Environment/Room/Models/backgroundSkyDome.fbx using Guid(216e64467da9e644b990c6663f483186) Importer(815301076,1909f56bfc062723c751e8b465ee728b) (PreviewImporter) -> (artifact id: '2e113167803b456c0d4f41da17555650') in 0.0425118 seconds
Number of updated asset objects reloaded before import = 0Number of asset objects unloaded after import = 8

========================================================================
Received Import Request.
  Time since last request: 0.000026 seconds.
  path: Packages/com.meta.xr.sdk.interaction/Runtime/Animations/Hands/indexMask_l_.anim
  artifactKey: Guid(e87d231d9435bbf44b39fc1b848769e8) Importer(815301076,1909f56bfc062723c751e8b465ee728b)
Start importing Packages/com.meta.xr.sdk.interaction/Runtime/Animations/Hands/indexMask_l_.anim using Guid(e87d231d9435bbf44b39fc1b848769e8) Importer(815301076,1909f56bfc062723c751e8b465ee728b) (PreviewImporter) -> (artifact id: 'e565e915f8c540f096868002c05487b0') in 0.009964 seconds
Number of updated asset objects reloaded before import = 0Number of asset objects unloaded after import = 1

========================================================================
Received Import Request.
  Time since last request: 0.000082 seconds.
  path: Packages/com.meta.xr.sdk.sharedassets/Runtime/Shared/Samples/Objects/Environment/MRDesk/Models/MRDeskShadow.fbx
  artifactKey: Guid(bb5c416ca94f7a34fbd14f26fa5a38e6) Importer(815301076,1909f56bfc062723c751e8b465ee728b)
Start importing Packages/com.meta.xr.sdk.sharedassets/Runtime/Shared/Samples/Objects/Environment/MRDesk/Models/MRDeskShadow.fbx using Guid(bb5c416ca94f7a34fbd14f26fa5a38e6) Importer(815301076,1909f56bfc062723c751e8b465ee728b) (PreviewImporter) -> (artifact id: 'fe8287601633e48832ecb860ff52f868') in 0.0455103 seconds
Number of updated asset objects reloaded before import = 0Number of asset objects unloaded after import = 8

========================================================================
Received Import Request.
  Time since last request: 0.000037 seconds.
  path: Packages/com.meta.xr.sdk.sharedassets/Runtime/2D/Interface/Icons/OCUI_24_Filled_2x.png
  artifactKey: Guid(885a64334291a4342a22acf03c10a94f) Importer(815301076,1909f56bfc062723c751e8b465ee728b)
Start importing Packages/com.meta.xr.sdk.sharedassets/Runtime/2D/Interface/Icons/OCUI_24_Filled_2x.png using Guid(885a64334291a4342a22acf03c10a94f) Importer(815301076,1909f56bfc062723c751e8b465ee728b) (PreviewImporter) -> (artifact id: 'f324c4bdd74a548cdf929fb7bae4b2c0') in 0.7065553 seconds
Number of updated asset objects reloaded before import = 0Number of asset objects unloaded after import = 371

========================================================================
Received Import Request.
  Time since last request: 0.000032 seconds.
  path: Packages/com.meta.xr.sdk.sharedassets/Runtime/Shared/Samples/Materials/SkyboxGradient.mat
  artifactKey: Guid(220c53501a6feeb44842c61d7364609c) Importer(815301076,1909f56bfc062723c751e8b465ee728b)
Start importing Packages/com.meta.xr.sdk.sharedassets/Runtime/Shared/Samples/Materials/SkyboxGradient.mat using Guid(220c53501a6feeb44842c61d7364609c) Importer(815301076,1909f56bfc062723c751e8b465ee728b) (PreviewImporter) -> (artifact id: '4cf74a6406f289db412d27dbbfab90d3') in 0.0200939 seconds
Number of updated asset objects reloaded before import = 0Number of asset objects unloaded after import = 1

========================================================================
Received Import Request.
  Time since last request: 0.000046 seconds.
  path: Packages/com.meta.xr.sdk.interaction/Runtime/Prefabs/Debug/HandShapeSkeletalDebugVisual.prefab
  artifactKey: Guid(4b8a7a9b6cd7ab64d8c0202c46aed437) Importer(815301076,1909f56bfc062723c751e8b465ee728b)
Start importing Packages/com.meta.xr.sdk.interaction/Runtime/Prefabs/Debug/HandShapeSkeletalDebugVisual.prefab using Guid(4b8a7a9b6cd7ab64d8c0202c46aed437) Importer(815301076,1909f56bfc062723c751e8b465ee728b) (PreviewImporter) -> (artifact id: '1447ffbdce5bfc02e0e2ba98b2796002') in 0.0055105 seconds
Number of updated asset objects reloaded before import = 0Number of asset objects unloaded after import = 10

========================================================================
Received Import Request.
  Time since last request: 0.000030 seconds.
  path: Packages/com.meta.xr.sdk.sharedassets/Runtime/3D/Environment/Desk/Desk_standardLit/Desk_standardLit.prefab
  artifactKey: Guid(88ca561d080128145a644b243c4e8029) Importer(815301076,1909f56bfc062723c751e8b465ee728b)
Start importing Packages/com.meta.xr.sdk.sharedassets/Runtime/3D/Environment/Desk/Desk_standardLit/Desk_standardLit.prefab using Guid(88ca561d080128145a644b243c4e8029) Importer(815301076,1909f56bfc062723c751e8b465ee728b) (PreviewImporter) -> (artifact id: '3b73c8351702714060a7fe21b37b74e4') in 0.0183201 seconds
Number of updated asset objects reloaded before import = 0Number of asset objects unloaded after import = 26

========================================================================
Received Import Request.
  Time since last request: 0.000024 seconds.
  path: Packages/com.meta.xr.sdk.interaction.ovr.samples/Runtime/Textures/OCUIIconSet/OCUI_24_Outline_2x.png
  artifactKey: Guid(4f3b4a4ae58ad484e9fc92ab68a8ffef) Importer(815301076,1909f56bfc062723c751e8b465ee728b)
Start importing Packages/com.meta.xr.sdk.interaction.ovr.samples/Runtime/Textures/OCUIIconSet/OCUI_24_Outline_2x.png using Guid(4f3b4a4ae58ad484e9fc92ab68a8ffef) Importer(815301076,1909f56bfc062723c751e8b465ee728b) (PreviewImporter) -> (artifact id: '032475f4a62971b321e9fdadc5f1b9bc') in 0.7075701 seconds
Number of updated asset objects reloaded before import = 0Number of asset objects unloaded after import = 320

========================================================================
Received Import Request.
  Time since last request: 0.000042 seconds.
  path: Packages/com.meta.xr.sdk.core/Materials/OVRTrackedKeyboard/BillboardMask.mat
  artifactKey: Guid(e5efaaa7295b60c4b99c88ff76db4d0c) Importer(815301076,1909f56bfc062723c751e8b465ee728b)
Start importing Packages/com.meta.xr.sdk.core/Materials/OVRTrackedKeyboard/BillboardMask.mat using Guid(e5efaaa7295b60c4b99c88ff76db4d0c) Importer(815301076,1909f56bfc062723c751e8b465ee728b) (PreviewImporter) -> (artifact id: 'fd52446d95cd1b8730f763e0823c5323') in 0.0940091 seconds
Number of updated asset objects reloaded before import = 0Number of asset objects unloaded after import = 1

========================================================================
Received Import Request.
  Time since last request: 49.504918 seconds.
  path: Packages/com.meta.xr.sdk.interaction.ovr/Editor/Blocks/Interactors/Prefabs/[BB] Hand Physics.prefab
  artifactKey: Guid(5fc002002ecb74800b33f4b96a147701) Importer(815301076,1909f56bfc062723c751e8b465ee728b)
Start importing Packages/com.meta.xr.sdk.interaction.ovr/Editor/Blocks/Interactors/Prefabs/[BB] Hand Physics.prefab using Guid(5fc002002ecb74800b33f4b96a147701) Importer(815301076,1909f56bfc062723c751e8b465ee728b) (PreviewImporter) -> (artifact id: '940749e92ffc34360600ecf46b92c4bf') in 0.0131925 seconds
Number of updated asset objects reloaded before import = 0Number of asset objects unloaded after import = 6

========================================================================
Received Import Request.
  Time since last request: 0.005649 seconds.
  path: Packages/com.meta.xr.sdk.interaction.ovr/Editor/Blocks/Interactors/Prefabs/[BB] Hand Ray.prefab
  artifactKey: Guid(ab143fb33d1c042989fb5b744cd67a2e) Importer(815301076,1909f56bfc062723c751e8b465ee728b)
Start importing Packages/com.meta.xr.sdk.interaction.ovr/Editor/Blocks/Interactors/Prefabs/[BB] Hand Ray.prefab using Guid(ab143fb33d1c042989fb5b744cd67a2e) Importer(815301076,1909f56bfc062723c751e8b465ee728b) (PreviewImporter) -> (artifact id: 'a7b6d85f65938756846282e5a04cd2b8') in 0.0929124 seconds
Number of updated asset objects reloaded before import = 0Number of asset objects unloaded after import = 46

========================================================================
Received Import Request.
  Time since last request: 0.000021 seconds.
  path: Packages/com.meta.xr.sdk.interaction.ovr/Editor/Blocks/InteractableItems/Prefabs/[BB] Throwable Cube.prefab
  artifactKey: Guid(a39f14d93fa584432b8f4d312acb98c4) Importer(815301076,1909f56bfc062723c751e8b465ee728b)
Start importing Packages/com.meta.xr.sdk.interaction.ovr/Editor/Blocks/InteractableItems/Prefabs/[BB] Throwable Cube.prefab using Guid(a39f14d93fa584432b8f4d312acb98c4) Importer(815301076,1909f56bfc062723c751e8b465ee728b) (PreviewImporter) -> (artifact id: '679db392856070061cdf72f1c01d7787') in 0.0198189 seconds
Number of updated asset objects reloaded before import = 0Number of asset objects unloaded after import = 11

========================================================================
Received Import Request.
  Time since last request: 0.000036 seconds.
  path: Packages/com.meta.xr.sdk.interaction/Runtime/Prefabs/Debug/ActiveStateDebugTreeNodeHorizontal.prefab
  artifactKey: Guid(bcb4af79d88c4af4a90fb6e19de13e70) Importer(815301076,1909f56bfc062723c751e8b465ee728b)
Start importing Packages/com.meta.xr.sdk.interaction/Runtime/Prefabs/Debug/ActiveStateDebugTreeNodeHorizontal.prefab using Guid(bcb4af79d88c4af4a90fb6e19de13e70) Importer(815301076,1909f56bfc062723c751e8b465ee728b) (PreviewImporter) -> (artifact id: '496ef1ec6819dd5ef2fd0a35801f1e02') in 0.0406237 seconds
Number of updated asset objects reloaded before import = 0Number of asset objects unloaded after import = 37

========================================================================
Received Import Request.
  Time since last request: 0.000044 seconds.
  path: Packages/com.meta.xr.sdk.sharedassets/Runtime/3D/Environment/ArmChair/Armchair.prefab
  artifactKey: Guid(171bd235d469848429d5c1a64e2c1bcc) Importer(815301076,1909f56bfc062723c751e8b465ee728b)
Start importing Packages/com.meta.xr.sdk.sharedassets/Runtime/3D/Environment/ArmChair/Armchair.prefab using Guid(171bd235d469848429d5c1a64e2c1bcc) Importer(815301076,1909f56bfc062723c751e8b465ee728b) (PreviewImporter) -> (artifact id: 'e21c61ff57cb9db7f20600f77429a987') in 0.0595227 seconds
Number of updated asset objects reloaded before import = 0Number of asset objects unloaded after import = 11

========================================================================
Received Import Request.
  Time since last request: 0.000020 seconds.
  path: Packages/com.meta.xr.sdk.interaction/Runtime/Prefabs/Debug/ActiveStateDebugTreeNodeVertical.prefab
  artifactKey: Guid(e1bdcfaab96307149a62e5c148b5ced1) Importer(815301076,1909f56bfc062723c751e8b465ee728b)
Start importing Packages/com.meta.xr.sdk.interaction/Runtime/Prefabs/Debug/ActiveStateDebugTreeNodeVertical.prefab using Guid(e1bdcfaab96307149a62e5c148b5ced1) Importer(815301076,1909f56bfc062723c751e8b465ee728b) (PreviewImporter) -> (artifact id: 'cb7c09590e87fc5574eb927839740739') in 0.0209682 seconds
Number of updated asset objects reloaded before import = 0Number of asset objects unloaded after import = 46

========================================================================
Received Import Request.
  Time since last request: 0.000019 seconds.
  path: Packages/com.meta.xr.sdk.interaction.ovr.samples/Runtime/Audio/Prefabs/BasicGrabReleaseAudio.prefab
  artifactKey: Guid(4c10bc37c0e8b774387330f749138159) Importer(815301076,1909f56bfc062723c751e8b465ee728b)
Start importing Packages/com.meta.xr.sdk.interaction.ovr.samples/Runtime/Audio/Prefabs/BasicGrabReleaseAudio.prefab using Guid(4c10bc37c0e8b774387330f749138159) Importer(815301076,1909f56bfc062723c751e8b465ee728b) (PreviewImporter) -> (artifact id: '01d297b7efd4cb192b8dcd8fe351f3f7') in 0.0712225 seconds
Number of updated asset objects reloaded before import = 0Number of asset objects unloaded after import = 11

========================================================================
Received Import Request.
  Time since last request: 0.000018 seconds.
  path: Packages/com.meta.xr.sdk.interaction.ovr.samples/Runtime/Audio/Prefabs/BasicPokeToyButtonReleaseAudio.prefab
  artifactKey: Guid(08eeff844ea75dc4192675890988e004) Importer(815301076,1909f56bfc062723c751e8b465ee728b)
Start importing Packages/com.meta.xr.sdk.interaction.ovr.samples/Runtime/Audio/Prefabs/BasicPokeToyButtonReleaseAudio.prefab using Guid(08eeff844ea75dc4192675890988e004) Importer(815301076,1909f56bfc062723c751e8b465ee728b) (PreviewImporter) -> (artifact id: '71191d88b885083b9022a4b7ff04bb33') in 0.0409232 seconds
Number of updated asset objects reloaded before import = 0Number of asset objects unloaded after import = 9

========================================================================
Received Import Request.
  Time since last request: 0.000038 seconds.
  path: Packages/com.meta.xr.sdk.interaction.ovr.samples/Runtime/Audio/Prefabs/BasicRayBackAudio.prefab
  artifactKey: Guid(1d7be4acb4bd00648841123ed349dc57) Importer(815301076,1909f56bfc062723c751e8b465ee728b)
Start importing Packages/com.meta.xr.sdk.interaction.ovr.samples/Runtime/Audio/Prefabs/BasicRayBackAudio.prefab using Guid(1d7be4acb4bd00648841123ed349dc57) Importer(815301076,1909f56bfc062723c751e8b465ee728b) (PreviewImporter) -> (artifact id: '3e67ed35397fb17da877a92c6e4d6b4b') in 0.0186799 seconds
Number of updated asset objects reloaded before import = 0Number of asset objects unloaded after import = 7

========================================================================
Received Import Request.
  Time since last request: 0.000025 seconds.
  path: Packages/com.meta.xr.mrutilitykit/Core/Rooms/Prefabs/Bedroom/Bedroom00.prefab
  artifactKey: Guid(4b454e8ccd6764ccdbcd91586969863f) Importer(815301076,1909f56bfc062723c751e8b465ee728b)
Start importing Packages/com.meta.xr.mrutilitykit/Core/Rooms/Prefabs/Bedroom/Bedroom00.prefab using Guid(4b454e8ccd6764ccdbcd91586969863f) Importer(815301076,1909f56bfc062723c751e8b465ee728b) (PreviewImporter) -> (artifact id: 'f4f7632a9579afcc9da5ee155e115895') in 0.1874998 seconds
Number of updated asset objects reloaded before import = 0Number of asset objects unloaded after import = 80

========================================================================
Received Import Request.
  Time since last request: 0.000044 seconds.
  path: Packages/com.meta.xr.sdk.interaction/Runtime/Prefabs/Body/Body.prefab
  artifactKey: Guid(70fbb28682c6d554a8a8e495be5a36a5) Importer(815301076,1909f56bfc062723c751e8b465ee728b)
Start importing Packages/com.meta.xr.sdk.interaction/Runtime/Prefabs/Body/Body.prefab using Guid(70fbb28682c6d554a8a8e495be5a36a5) Importer(815301076,1909f56bfc062723c751e8b465ee728b) (PreviewImporter) -> (artifact id: 'fa4715039f2a0294768d2ce5d28689a5') in 0.0054209 seconds
Number of updated asset objects reloaded before import = 0Number of asset objects unloaded after import = 5

========================================================================
Received Import Request.
  Time since last request: 0.000201 seconds.
  path: Packages/com.meta.xr.sdk.interaction.ovr.samples/Runtime/Audio/Prefabs/BodyCaptureTimerTick.prefab
  artifactKey: Guid(b925b5b4ed2d8bb438d0a5ff67765183) Importer(815301076,1909f56bfc062723c751e8b465ee728b)
Start importing Packages/com.meta.xr.sdk.interaction.ovr.samples/Runtime/Audio/Prefabs/BodyCaptureTimerTick.prefab using Guid(b925b5b4ed2d8bb438d0a5ff67765183) Importer(815301076,1909f56bfc062723c751e8b465ee728b) (PreviewImporter) -> (artifact id: 'a0b59bd4d88a0a8054aab75c554fcebb') in 0.0173341 seconds
Number of updated asset objects reloaded before import = 0Number of asset objects unloaded after import = 7

========================================================================
Received Import Request.
  Time since last request: 0.000017 seconds.
  path: Packages/com.meta.xr.sdk.sharedassets/Runtime/3D/Environment/BookCase/BookCaseFilled.prefab
  artifactKey: Guid(ef41bc42457039c469ee31c88470e160) Importer(815301076,1909f56bfc062723c751e8b465ee728b)
Start importing Packages/com.meta.xr.sdk.sharedassets/Runtime/3D/Environment/BookCase/BookCaseFilled.prefab using Guid(ef41bc42457039c469ee31c88470e160) Importer(815301076,1909f56bfc062723c751e8b465ee728b) (PreviewImporter) -> (artifact id: 'df4374b39d8dd143f19042ab8419769c') in 0.0539021 seconds
Number of updated asset objects reloaded before import = 0Number of asset objects unloaded after import = 14

========================================================================
Received Import Request.
  Time since last request: 0.000018 seconds.
  path: Packages/com.meta.xr.sdk.interaction.ovr.samples/Runtime/Objects/Props/BigRedButton/BigRedButton.prefab
  artifactKey: Guid(d2d6934a666a18d46b8b7a3864dc9f63) Importer(815301076,1909f56bfc062723c751e8b465ee728b)
Start importing Packages/com.meta.xr.sdk.interaction.ovr.samples/Runtime/Objects/Props/BigRedButton/BigRedButton.prefab using Guid(d2d6934a666a18d46b8b7a3864dc9f63) Importer(815301076,1909f56bfc062723c751e8b465ee728b) (PreviewImporter) -> (artifact id: '03725829d0d1a0fb76acdfa26524c06f') in 0.2063816 seconds
Number of updated asset objects reloaded before import = 0Number of asset objects unloaded after import = 77

========================================================================
Received Import Request.
  Time since last request: 0.000065 seconds.
  path: Packages/com.meta.xr.sdk.sharedassets/Runtime/3D/Environment/Books/Book.003.prefab
  artifactKey: Guid(8c3711398c85f974badb0602a5168ba5) Importer(815301076,1909f56bfc062723c751e8b465ee728b)
Start importing Packages/com.meta.xr.sdk.sharedassets/Runtime/3D/Environment/Books/Book.003.prefab using Guid(8c3711398c85f974badb0602a5168ba5) Importer(815301076,1909f56bfc062723c751e8b465ee728b) (PreviewImporter) -> (artifact id: 'a4877a498919ea641ca57841c5d796d2') in 0.0230998 seconds
Number of updated asset objects reloaded before import = 0Number of asset objects unloaded after import = 15

========================================================================
Received Import Request.
  Time since last request: 0.000031 seconds.
  path: Packages/com.meta.xr.sdk.sharedassets/Runtime/3D/Environment/Chair/Chair.prefab
  artifactKey: Guid(75e216c829b6e0f40819d074ddd3f9be) Importer(815301076,1909f56bfc062723c751e8b465ee728b)
Start importing Packages/com.meta.xr.sdk.sharedassets/Runtime/3D/Environment/Chair/Chair.prefab using Guid(75e216c829b6e0f40819d074ddd3f9be) Importer(815301076,1909f56bfc062723c751e8b465ee728b) (PreviewImporter) -> (artifact id: '978456029ac5ecc214150c107feaf545') in 0.044063 seconds
Number of updated asset objects reloaded before import = 0Number of asset objects unloaded after import = 11

========================================================================
Received Import Request.
  Time since last request: 0.000020 seconds.
  path: Packages/com.meta.xr.sdk.interaction.ovr.samples/Runtime/Audio/Prefabs/BasicRayHoverAudio.prefab
  artifactKey: Guid(539d637ec1110d44982e443b95b5a61b) Importer(815301076,1909f56bfc062723c751e8b465ee728b)
Start importing Packages/com.meta.xr.sdk.interaction.ovr.samples/Runtime/Audio/Prefabs/BasicRayHoverAudio.prefab using Guid(539d637ec1110d44982e443b95b5a61b) Importer(815301076,1909f56bfc062723c751e8b465ee728b) (PreviewImporter) -> (artifact id: 'ebcdb6b4bbcf4d1c25eb7d150ccb49b1') in 0.0177329 seconds
Number of updated asset objects reloaded before import = 0Number of asset objects unloaded after import = 7

========================================================================
Received Import Request.
  Time since last request: 0.000040 seconds.
  path: Packages/com.meta.xr.sdk.interaction/Runtime/Prefabs/Debug/ActiveStateDebugTree.prefab
  artifactKey: Guid(dc0992b1665af9548996ae6d0807dbed) Importer(815301076,1909f56bfc062723c751e8b465ee728b)
Start importing Packages/com.meta.xr.sdk.interaction/Runtime/Prefabs/Debug/ActiveStateDebugTree.prefab using Guid(dc0992b1665af9548996ae6d0807dbed) Importer(815301076,1909f56bfc062723c751e8b465ee728b) (PreviewImporter) -> (artifact id: '48e352d621b7af4a48bf0affe5e48b5e') in 0.0268315 seconds
Number of updated asset objects reloaded before import = 0Number of asset objects unloaded after import = 62

========================================================================
Received Import Request.
  Time since last request: 0.000021 seconds.
  path: Packages/com.meta.xr.sdk.sharedassets/Runtime/3D/Environment/Books/Book.001.prefab
  artifactKey: Guid(95f41cb2c9e5bff41a19e811f04efa25) Importer(815301076,1909f56bfc062723c751e8b465ee728b)
Start importing Packages/com.meta.xr.sdk.sharedassets/Runtime/3D/Environment/Books/Book.001.prefab using Guid(95f41cb2c9e5bff41a19e811f04efa25) Importer(815301076,1909f56bfc062723c751e8b465ee728b) (PreviewImporter) -> (artifact id: '2759562ec4af853d2e312f54f8b9424b') in 0.0207028 seconds
Number of updated asset objects reloaded before import = 0Number of asset objects unloaded after import = 15

========================================================================
Received Import Request.
  Time since last request: 0.000026 seconds.
  path: Packages/com.meta.xr.mrutilitykit/Core/Rooms/Prefabs/Bedroom/Bedroom07.prefab
  artifactKey: Guid(fec8dc4a2237b4b41b1a0a6325c7f24c) Importer(815301076,1909f56bfc062723c751e8b465ee728b)
Start importing Packages/com.meta.xr.mrutilitykit/Core/Rooms/Prefabs/Bedroom/Bedroom07.prefab using Guid(fec8dc4a2237b4b41b1a0a6325c7f24c) Importer(815301076,1909f56bfc062723c751e8b465ee728b) (PreviewImporter) -> (artifact id: '1f7855e557f98493a27715ff04dfbb45') in 0.0254293 seconds
Number of updated asset objects reloaded before import = 0Number of asset objects unloaded after import = 82

========================================================================
Received Import Request.
  Time since last request: 0.000026 seconds.
  path: Packages/com.meta.xr.sdk.interaction.ovr.samples/Runtime/Audio/Prefabs/BasicPokeCanvasPressAudio.prefab
  artifactKey: Guid(13a74428dd920fd4797387cc4bb18321) Importer(815301076,1909f56bfc062723c751e8b465ee728b)
Start importing Packages/com.meta.xr.sdk.interaction.ovr.samples/Runtime/Audio/Prefabs/BasicPokeCanvasPressAudio.prefab using Guid(13a74428dd920fd4797387cc4bb18321) Importer(815301076,1909f56bfc062723c751e8b465ee728b) (PreviewImporter) -> (artifact id: 'f6461e9298e5eaccfada5a18b2b953ea') in 0.0048959 seconds
Number of updated asset objects reloaded before import = 0Number of asset objects unloaded after import = 7

========================================================================
Received Import Request.
  Time since last request: 0.000020 seconds.
  path: Packages/com.meta.xr.sdk.sharedassets/Runtime/Vfx/BlobShadow/BlobShadow_Dynamic.prefab
  artifactKey: Guid(be7579dd4795e7d47bcaae7769e1d934) Importer(815301076,1909f56bfc062723c751e8b465ee728b)
Start importing Packages/com.meta.xr.sdk.sharedassets/Runtime/Vfx/BlobShadow/BlobShadow_Dynamic.prefab using Guid(be7579dd4795e7d47bcaae7769e1d934) Importer(815301076,1909f56bfc062723c751e8b465ee728b) (PreviewImporter) -> (artifact id: '6594e76bce9fe58021f9fea299fa722b') in 0.0976821 seconds
Number of updated asset objects reloaded before import = 0Number of asset objects unloaded after import = 10

========================================================================
Received Import Request.
  Time since last request: 0.000036 seconds.
  path: Packages/com.meta.xr.sdk.interaction.ovr.samples/Runtime/Audio/Prefabs/BasicRayReleaseAudio.prefab
  artifactKey: Guid(633677e3089b41b40acda7f29811eb9d) Importer(815301076,1909f56bfc062723c751e8b465ee728b)
Start importing Packages/com.meta.xr.sdk.interaction.ovr.samples/Runtime/Audio/Prefabs/BasicRayReleaseAudio.prefab using Guid(633677e3089b41b40acda7f29811eb9d) Importer(815301076,1909f56bfc062723c751e8b465ee728b) (PreviewImporter) -> (artifact id: '9ba12549a3668f7f80eb633a8ac1a71d') in 0.0195043 seconds
Number of updated asset objects reloaded before import = 0Number of asset objects unloaded after import = 7

========================================================================
Received Import Request.
  Time since last request: 0.000030 seconds.
  path: Packages/com.meta.xr.sdk.interaction.ovr.samples/Runtime/Audio/Prefabs/BasicPokeKeypadPressAudio.prefab
  artifactKey: Guid(0d5e681c36329dc4e9e700f470026b2e) Importer(815301076,1909f56bfc062723c751e8b465ee728b)
Start importing Packages/com.meta.xr.sdk.interaction.ovr.samples/Runtime/Audio/Prefabs/BasicPokeKeypadPressAudio.prefab using Guid(0d5e681c36329dc4e9e700f470026b2e) Importer(815301076,1909f56bfc062723c751e8b465ee728b) (PreviewImporter) -> (artifact id: '38aa2358eb351e623e39b9912fef8a63') in 0.1114355 seconds
Number of updated asset objects reloaded before import = 0Number of asset objects unloaded after import = 15

========================================================================
Received Import Request.
  Time since last request: 1.706801 seconds.
  path: Packages/com.meta.xr.mrutilitykit/Tests/Meshes/bevelcube.fbx
  artifactKey: Guid(c1e06f36f6a71234ab15a7826c4871d9) Importer(815301076,1909f56bfc062723c751e8b465ee728b)
Start importing Packages/com.meta.xr.mrutilitykit/Tests/Meshes/bevelcube.fbx using Guid(c1e06f36f6a71234ab15a7826c4871d9) Importer(815301076,1909f56bfc062723c751e8b465ee728b) (PreviewImporter) -> (artifact id: '3166c9a865a1ecf8709de8a7606184b3') in 0.0279282 seconds
Number of updated asset objects reloaded before import = 0Number of asset objects unloaded after import = 7

========================================================================
Received Import Request.
  Time since last request: 0.000061 seconds.
  path: Packages/com.meta.xr.sdk.sharedassets/Runtime/Shared/Samples/Objects/Props/Box/Materials/BoxMat.fbx
  artifactKey: Guid(6875b23b07de548a7be1538361ed683b) Importer(815301076,1909f56bfc062723c751e8b465ee728b)
Start importing Packages/com.meta.xr.sdk.sharedassets/Runtime/Shared/Samples/Objects/Props/Box/Materials/BoxMat.fbx using Guid(6875b23b07de548a7be1538361ed683b) Importer(815301076,1909f56bfc062723c751e8b465ee728b) (PreviewImporter) -> (artifact id: '41d55531b51daa53e76b8e3954dc715c') in 0.2324785 seconds
Number of updated asset objects reloaded before import = 0Number of asset objects unloaded after import = 10

========================================================================
Received Import Request.
  Time since last request: 0.000022 seconds.
  path: Packages/com.meta.xr.sdk.interaction.ovr.samples/Runtime/Objects/Props/IconBox/Models/iconBoxMesh.fbx
  artifactKey: Guid(f5ceaf081c5af184cb5b44b9e95931f8) Importer(815301076,1909f56bfc062723c751e8b465ee728b)
Start importing Packages/com.meta.xr.sdk.interaction.ovr.samples/Runtime/Objects/Props/IconBox/Models/iconBoxMesh.fbx using Guid(f5ceaf081c5af184cb5b44b9e95931f8) Importer(815301076,1909f56bfc062723c751e8b465ee728b) (PreviewImporter) -> (artifact id: '66c592122ed4eae0ae9729a3e6600c6f') in 0.0350594 seconds
Number of updated asset objects reloaded before import = 0Number of asset objects unloaded after import = 8

========================================================================
Received Import Request.
  Time since last request: 0.000040 seconds.
  path: Packages/com.meta.xr.sdk.sharedassets/Runtime/3D/Environment/Lamp/Models/LampHorizontalPlane.fbx
  artifactKey: Guid(4590931397d4a31478aaea7259b03720) Importer(815301076,1909f56bfc062723c751e8b465ee728b)
Start importing Packages/com.meta.xr.sdk.sharedassets/Runtime/3D/Environment/Lamp/Models/LampHorizontalPlane.fbx using Guid(4590931397d4a31478aaea7259b03720) Importer(815301076,1909f56bfc062723c751e8b465ee728b) (PreviewImporter) -> (artifact id: '3a5f09c21aa406a711ab73ea0765290d') in 0.0199873 seconds
Number of updated asset objects reloaded before import = 0Number of asset objects unloaded after import = 7

========================================================================
Received Import Request.
  Time since last request: 0.000070 seconds.
  path: Packages/com.meta.xr.sdk.sharedassets/Runtime/3D/Environment/Lantern/Models/Lantern.fbx
  artifactKey: Guid(b3999f2afbe57074788d4904b449ee74) Importer(815301076,1909f56bfc062723c751e8b465ee728b)
Start importing Packages/com.meta.xr.sdk.sharedassets/Runtime/3D/Environment/Lantern/Models/Lantern.fbx using Guid(b3999f2afbe57074788d4904b449ee74) Importer(815301076,1909f56bfc062723c751e8b465ee728b) (PreviewImporter) -> (artifact id: 'bb36bdd387683d9b9f192151c2658544') in 0.0434638 seconds
Number of updated asset objects reloaded before import = 0Number of asset objects unloaded after import = 17

========================================================================
Received Import Request.
  Time since last request: 0.000028 seconds.
  path: Packages/com.meta.xr.sdk.interaction.ovr.samples/Runtime/Objects/Props/MapWithPins/Models/MapFrame.fbx
  artifactKey: Guid(f5cc4b76257fd6140bd413838304f1f4) Importer(815301076,1909f56bfc062723c751e8b465ee728b)
Start importing Packages/com.meta.xr.sdk.interaction.ovr.samples/Runtime/Objects/Props/MapWithPins/Models/MapFrame.fbx using Guid(f5cc4b76257fd6140bd413838304f1f4) Importer(815301076,1909f56bfc062723c751e8b465ee728b) (PreviewImporter) -> (artifact id: '7dce9bea9ac4d9c7a6aaa9eb839ee0ec') in 0.0225346 seconds
Number of updated asset objects reloaded before import = 0Number of asset objects unloaded after import = 7

========================================================================
Received Import Request.
  Time since last request: 0.000173 seconds.
  path: Packages/com.meta.xr.sdk.interaction.ovr.samples/Runtime/Objects/Props/MapWithPins/Models/MapPointer.fbx
  artifactKey: Guid(d965108dd6326c74ab84da39a3c86b34) Importer(815301076,1909f56bfc062723c751e8b465ee728b)
Start importing Packages/com.meta.xr.sdk.interaction.ovr.samples/Runtime/Objects/Props/MapWithPins/Models/MapPointer.fbx using Guid(d965108dd6326c74ab84da39a3c86b34) Importer(815301076,1909f56bfc062723c751e8b465ee728b) (PreviewImporter) -> (artifact id: '76481c5971d56ee040f10b1d56778239') in 0.0308618 seconds
Number of updated asset objects reloaded before import = 0Number of asset objects unloaded after import = 14

========================================================================
Received Import Request.
  Time since last request: 0.000023 seconds.
  path: Packages/com.meta.xr.sdk.interaction.ovr.samples/Runtime/Objects/Props/Locomotion/LocomotionTurorialUI.fbx
  artifactKey: Guid(19a47a3f839bd1e498891a423e4b92ec) Importer(815301076,1909f56bfc062723c751e8b465ee728b)
Start importing Packages/com.meta.xr.sdk.interaction.ovr.samples/Runtime/Objects/Props/Locomotion/LocomotionTurorialUI.fbx using Guid(19a47a3f839bd1e498891a423e4b92ec) Importer(815301076,1909f56bfc062723c751e8b465ee728b) (PreviewImporter) -> (artifact id: 'e00a22167f273625715cd34aba991402') in 0.0514582 seconds
Number of updated asset objects reloaded before import = 0Number of asset objects unloaded after import = 28

========================================================================
Received Import Request.
  Time since last request: 0.000022 seconds.
  path: Packages/com.meta.xr.sdk.interaction.ovr.samples/Runtime/Objects/Environment/Locomotion/Models/Meta_LocomotionRoom.fbx
  artifactKey: Guid(37813fb9636706d46b13c24b426e109a) Importer(815301076,1909f56bfc062723c751e8b465ee728b)
Start importing Packages/com.meta.xr.sdk.interaction.ovr.samples/Runtime/Objects/Environment/Locomotion/Models/Meta_LocomotionRoom.fbx using Guid(37813fb9636706d46b13c24b426e109a) Importer(815301076,1909f56bfc062723c751e8b465ee728b) (PreviewImporter) -> (artifact id: '1525bdd479411bf098b5930cbc07fba9') in 0.1227607 seconds
Number of updated asset objects reloaded before import = 0Number of asset objects unloaded after import = 24

========================================================================
Received Import Request.
  Time since last request: 0.000029 seconds.
  path: Packages/com.meta.xr.sdk.sharedassets/Runtime/3D/Environment/Lantern/Materials/LanternMat.fbx
  artifactKey: Guid(e3da40f7f41183b4ead4b96d93a065d7) Importer(815301076,1909f56bfc062723c751e8b465ee728b)
Start importing Packages/com.meta.xr.sdk.sharedassets/Runtime/3D/Environment/Lantern/Materials/LanternMat.fbx using Guid(e3da40f7f41183b4ead4b96d93a065d7) Importer(815301076,1909f56bfc062723c751e8b465ee728b) (PreviewImporter) -> (artifact id: 'ec9895e77e5ce4b72b7a0c4791e8c8bd') in 0.1693387 seconds
Number of updated asset objects reloaded before import = 0Number of asset objects unloaded after import = 12

========================================================================
Received Import Request.
  Time since last request: 0.000051 seconds.
  path: Packages/com.meta.xr.sdk.sharedassets/Runtime/3D/Environment/BookCase/BookCaseFilled.fbx
  artifactKey: Guid(4b7d787e242104e49b4c6dc85c48ff0a) Importer(815301076,1909f56bfc062723c751e8b465ee728b)
Start importing Packages/com.meta.xr.sdk.sharedassets/Runtime/3D/Environment/BookCase/BookCaseFilled.fbx using Guid(4b7d787e242104e49b4c6dc85c48ff0a) Importer(815301076,1909f56bfc062723c751e8b465ee728b) (PreviewImporter) -> (artifact id: '0ebf4116b96c3dbd4876d0cc7aebfb47') in 0.0229116 seconds
Number of updated asset objects reloaded before import = 0Number of asset objects unloaded after import = 14

========================================================================
Received Import Request.
  Time since last request: 0.000043 seconds.
  path: Packages/com.meta.xr.sdk.sharedassets/Runtime/3D/Environment/Books/Models/Books.fbx
  artifactKey: Guid(9a64b30dab0bcd049958892c7e8f3706) Importer(815301076,1909f56bfc062723c751e8b465ee728b)
Start importing Packages/com.meta.xr.sdk.sharedassets/Runtime/3D/Environment/Books/Models/Books.fbx using Guid(9a64b30dab0bcd049958892c7e8f3706) Importer(815301076,1909f56bfc062723c751e8b465ee728b) (PreviewImporter) -> (artifact id: '2f83b83872bbf606cd9b8c18b2249c47') in 0.0559452 seconds
Number of updated asset objects reloaded before import = 0Number of asset objects unloaded after import = 27

========================================================================
Received Import Request.
  Time since last request: 0.000032 seconds.
  path: Packages/com.meta.xr.sdk.interaction.ovr.samples/Runtime/Objects/Props/ChessPiece/Materials/ChessPieceMaterial.fbx
  artifactKey: Guid(817c954a31a114577b56080dd5ca87c3) Importer(815301076,1909f56bfc062723c751e8b465ee728b)
Start importing Packages/com.meta.xr.sdk.interaction.ovr.samples/Runtime/Objects/Props/ChessPiece/Materials/ChessPieceMaterial.fbx using Guid(817c954a31a114577b56080dd5ca87c3) Importer(815301076,1909f56bfc062723c751e8b465ee728b) (PreviewImporter) -> (artifact id: '414751a15fa1d140a737fd61fe5bd7e6') in 0.0253971 seconds
Number of updated asset objects reloaded before import = 0Number of asset objects unloaded after import = 9

========================================================================
Received Import Request.
  Time since last request: 0.000020 seconds.
  path: Packages/com.meta.xr.sdk.sharedassets/Runtime/3D/Environment/GenericMaterials/FabricTiling/FabricTilingMat.fbx
  artifactKey: Guid(37c1f3858188d834cb5a0e8420918c97) Importer(815301076,1909f56bfc062723c751e8b465ee728b)
Start importing Packages/com.meta.xr.sdk.sharedassets/Runtime/3D/Environment/GenericMaterials/FabricTiling/FabricTilingMat.fbx using Guid(37c1f3858188d834cb5a0e8420918c97) Importer(815301076,1909f56bfc062723c751e8b465ee728b) (PreviewImporter) -> (artifact id: '4bc5c8035298da053faa0cb729a7b7a8') in 0.0438011 seconds
Number of updated asset objects reloaded before import = 0Number of asset objects unloaded after import = 10

========================================================================
Received Import Request.
  Time since last request: 0.000022 seconds.
  path: Packages/com.meta.xr.sdk.sharedassets/Runtime/Shared/Samples/Objects/Props/Box/Models/Box.fbx
  artifactKey: Guid(2711a10ba6518d34cb77d80f3125f3c1) Importer(815301076,1909f56bfc062723c751e8b465ee728b)
Start importing Packages/com.meta.xr.sdk.sharedassets/Runtime/Shared/Samples/Objects/Props/Box/Models/Box.fbx using Guid(2711a10ba6518d34cb77d80f3125f3c1) Importer(815301076,1909f56bfc062723c751e8b465ee728b) (PreviewImporter) -> (artifact id: '884596be68838e0b5de5495145a2fa8d') in 0.0512025 seconds
Number of updated asset objects reloaded before import = 0Number of asset objects unloaded after import = 24

========================================================================
Received Import Request.
  Time since last request: 0.000021 seconds.
  path: Packages/com.meta.xr.sdk.interaction.ovr.samples/Runtime/Objects/Environment/Locomotion/Models/Meta_LocomotionInteriorDoors.fbx
  artifactKey: Guid(3a3482bc28b685d4e9599a050db6d5f8) Importer(815301076,1909f56bfc062723c751e8b465ee728b)
Start importing Packages/com.meta.xr.sdk.interaction.ovr.samples/Runtime/Objects/Environment/Locomotion/Models/Meta_LocomotionInteriorDoors.fbx using Guid(3a3482bc28b685d4e9599a050db6d5f8) Importer(815301076,1909f56bfc062723c751e8b465ee728b) (PreviewImporter) -> (artifact id: '6362ce22a5b3de2e73c713d04a096435') in 0.0572654 seconds
Number of updated asset objects reloaded before import = 0Number of asset objects unloaded after import = 26

========================================================================
Received Import Request.
  Time since last request: 0.000026 seconds.
  path: Packages/com.meta.xr.sdk.interaction.ovr.samples/Runtime/Objects/Props/Locomotion/Materials/MetaLocoTutorialUIMat.fbx
  artifactKey: Guid(7cee51529ca3046bd8a94b96d93191ea) Importer(815301076,1909f56bfc062723c751e8b465ee728b)
Start importing Packages/com.meta.xr.sdk.interaction.ovr.samples/Runtime/Objects/Props/Locomotion/Materials/MetaLocoTutorialUIMat.fbx using Guid(7cee51529ca3046bd8a94b96d93191ea) Importer(815301076,1909f56bfc062723c751e8b465ee728b) (PreviewImporter) -> (artifact id: '9c2e622a950203779b75108412dba7c3') in 0.0247848 seconds
Number of updated asset objects reloaded before import = 0Number of asset objects unloaded after import = 8

========================================================================
Received Import Request.
  Time since last request: 0.000040 seconds.
  path: Packages/com.meta.xr.sdk.sharedassets/Runtime/3D/Environment/CoffeTable/CoffeeTable.fbx
  artifactKey: Guid(f5d2c5123856cbd4d8e01e4d793e21cf) Importer(815301076,1909f56bfc062723c751e8b465ee728b)
Start importing Packages/com.meta.xr.sdk.sharedassets/Runtime/3D/Environment/CoffeTable/CoffeeTable.fbx using Guid(f5d2c5123856cbd4d8e01e4d793e21cf) Importer(815301076,1909f56bfc062723c751e8b465ee728b) (PreviewImporter) -> (artifact id: 'bdf58d7d348b59be22f64ae87713ee30') in 0.027407 seconds
Number of updated asset objects reloaded before import = 0Number of asset objects unloaded after import = 9

========================================================================
Received Import Request.
  Time since last request: 0.000028 seconds.
  path: Packages/com.meta.xr.sdk.interaction.ovr.samples/Runtime/Objects/Environment/Locomotion/Models/Meta_LocomotionGround.fbx
  artifactKey: Guid(29320031637a8e1449539092eb140cb5) Importer(815301076,1909f56bfc062723c751e8b465ee728b)
Start importing Packages/com.meta.xr.sdk.interaction.ovr.samples/Runtime/Objects/Environment/Locomotion/Models/Meta_LocomotionGround.fbx using Guid(29320031637a8e1449539092eb140cb5) Importer(815301076,1909f56bfc062723c751e8b465ee728b) (PreviewImporter) -> (artifact id: '3aa42ae90c4a659caba0d4aa533b95c1') in 0.3137362 seconds
Number of updated asset objects reloaded before import = 0Number of asset objects unloaded after import = 37

Editor requested this worker to shutdown with reason: Scaling down because of idle timeout
AssetImportWorker is now disconnected from the server
Process exiting
Exiting without the bug reporter. Application will terminate with return code 0