Using pre-set license
Built from '2023.2/staging' branch; Version is '2023.2.18f1 (1cb755715f58) revision 1881941'; Using compiler version '193431935'; Build Type 'Release'
OS: 'Windows 11  (10.0.22631) 64bit CoreSingleLanguage' Language: 'es' Physical Memory: 16163 MB
BatchMode: 1, IsHumanControllingUs: 0, StartBugReporterOnCrash: 0, Is64bit: 1, IsPro: 1

COMMAND LINE ARGUMENTS:
C:\Program Files\Unity\Hub\Editor\2023.2.18f1\Editor\Unity.exe
-adb2
-batchMode
-noUpm
-name
AssetImportWorker6
-projectPath
C:/Users/Camila/Documents/GitHub/PRY-VR/jm
-logFile
Logs/AssetImportWorker6.log
-srvPort
51177
-job-worker-count
7
-background-job-worker-count
8
-asset-garbage-collectors
1
Successfully changed project path to: C:/Users/Camila/Documents/GitHub/PRY-VR/jm
C:/Users/Camila/Documents/GitHub/PRY-VR/jm
[UnityMemory] Configuration Parameters - Can be set up in boot.config
    "memorysetup-bucket-allocator-granularity=16"
    "memorysetup-bucket-allocator-bucket-count=8"
    "memorysetup-bucket-allocator-block-size=33554432"
    "memorysetup-bucket-allocator-block-count=8"
    "memorysetup-main-allocator-block-size=16777216"
    "memorysetup-thread-allocator-block-size=16777216"
    "memorysetup-gfx-main-allocator-block-size=16777216"
    "memorysetup-gfx-thread-allocator-block-size=16777216"
    "memorysetup-cache-allocator-block-size=4194304"
    "memorysetup-typetree-allocator-block-size=2097152"
    "memorysetup-profiler-bucket-allocator-granularity=16"
    "memorysetup-profiler-bucket-allocator-bucket-count=8"
    "memorysetup-profiler-bucket-allocator-block-size=33554432"
    "memorysetup-profiler-bucket-allocator-block-count=8"
    "memorysetup-profiler-allocator-block-size=16777216"
    "memorysetup-profiler-editor-allocator-block-size=1048576"
    "memorysetup-temp-allocator-size-main=16777216"
    "memorysetup-job-temp-allocator-block-size=2097152"
    "memorysetup-job-temp-allocator-block-size-background=1048576"
    "memorysetup-job-temp-allocator-reduction-small-platforms=262144"
    "memorysetup-allocator-temp-initial-block-size-main=262144"
    "memorysetup-allocator-temp-initial-block-size-worker=262144"
    "memorysetup-temp-allocator-size-background-worker=32768"
    "memorysetup-temp-allocator-size-job-worker=262144"
    "memorysetup-temp-allocator-size-preload-manager=33554432"
    "memorysetup-temp-allocator-size-nav-mesh-worker=65536"
    "memorysetup-temp-allocator-size-audio-worker=65536"
    "memorysetup-temp-allocator-size-cloud-worker=32768"
    "memorysetup-temp-allocator-size-gi-baking-worker=262144"
    "memorysetup-temp-allocator-size-gi-baking-worker=262144"
    "memorysetup-temp-allocator-size-gi-baking-worker=262144"
    "memorysetup-temp-allocator-size-gi-baking-worker=262144"
    "memorysetup-temp-allocator-size-gfx=262144"
Player connection [34264] Host "[IP] 192.168.56.1 [Port] 0 [Flags] 2 [Guid] 1865912105 [EditorId] 1865912105 [Version] 1048832 [Id] WindowsEditor(7,LAPTOP-55APQ7B7) [Debug] 1 [PackageName] WindowsEditor [ProjectName] Editor" joined multi-casting on [225.0.0.222:54997]...
Player connection [34264] Host "[IP] 192.168.56.1 [Port] 0 [Flags] 2 [Guid] 1865912105 [EditorId] 1865912105 [Version] 1048832 [Id] WindowsEditor(7,LAPTOP-55APQ7B7) [Debug] 1 [PackageName] WindowsEditor [ProjectName] Editor" joined alternative multi-casting on [225.0.0.222:34997]...
JobSystem: Creating JobQueue using job-worker-count value 7
[Physics::Module] Initialized MultithreadedJobDispatcher with 7 workers.
Library Redirect Path: Library/
Refreshing native plugins compatible for Editor in 8.23 ms, found 3 plugins.
Preloading 0 native plugins for Editor in 0.00 ms.
Initialize engine version: 2023.2.18f1 (1cb755715f58)
[Subsystems] Discovering subsystems at path C:/Program Files/Unity/Hub/Editor/2023.2.18f1/Editor/Data/Resources/UnitySubsystems
[Subsystems] Discovering subsystems at path C:/Users/Camila/Documents/GitHub/PRY-VR/jm/Assets
GfxDevice: creating device client; kGfxThreadingModeNonThreaded
Direct3D:
    Version:  Direct3D 11.0 [level 11.1]
    Renderer: NVIDIA GeForce RTX 3060 Laptop GPU (ID=0x2520)
    Vendor:   NVIDIA
    VRAM:     6023 MB
    Driver:   27.21.14.6262
Initialize mono
Mono path[0] = 'C:/Program Files/Unity/Hub/Editor/2023.2.18f1/Editor/Data/Managed'
Mono path[1] = 'C:/Program Files/Unity/Hub/Editor/2023.2.18f1/Editor/Data/MonoBleedingEdge/lib/mono/unityjit-win32'
Mono config path = 'C:/Program Files/Unity/Hub/Editor/2023.2.18f1/Editor/Data/MonoBleedingEdge/etc'
Using monoOptions --debugger-agent=transport=dt_socket,embedding=1,server=y,suspend=n,address=127.0.0.1:56000
Begin MonoManager ReloadAssembly
Registering precompiled unity dll's ...
Register platform support module: C:/Program Files/Unity/Hub/Editor/2023.2.18f1/Editor/Data/PlaybackEngines/WebGLSupport/UnityEditor.WebGL.Extensions.dll
Register platform support module: C:/Program Files/Unity/Hub/Editor/2023.2.18f1/Editor/Data/PlaybackEngines/WindowsStandaloneSupport/UnityEditor.WindowsStandalone.Extensions.dll
Register platform support module: C:/Program Files/Unity/Hub/Editor/2023.2.18f1/Editor/Data/PlaybackEngines/MetroSupport/UnityEditor.UWP.Extensions.dll
Register platform support module: C:/Program Files/Unity/Hub/Editor/2023.2.18f1/Editor/Data/PlaybackEngines/AndroidPlayer/UnityEditor.Android.Extensions.dll
Register platform support module: C:/Program Files/Unity/Hub/Editor/2023.2.18f1/Editor/Data/PlaybackEngines/iOSSupport/UnityEditor.iOS.Extensions.dll
Register platform support module: C:/Program Files/Unity/Hub/Editor/2023.2.18f1/Editor/Data/PlaybackEngines/LinuxStandaloneSupport/UnityEditor.LinuxStandalone.Extensions.dll
Registered in 0.012830 seconds.
- Loaded All Assemblies, in  0.432 seconds
Native extension for LinuxStandalone target not found
Native extension for iOS target not found
Native extension for Android target not found
Android Extension - Scanning For ADB Devices 330 ms
Native extension for UWP target not found
Native extension for WindowsStandalone target not found
Native extension for WebGL target not found
Mono: successfully reloaded assembly
- Finished resetting the current domain, in  0.684 seconds
Domain Reload Profiling: 1114ms
	BeginReloadAssembly (166ms)
		ExecutionOrderSort (0ms)
		DisableScriptedObjects (0ms)
		BackupInstance (0ms)
		ReleaseScriptingObjects (0ms)
		CreateAndSetChildDomain (1ms)
	RebuildCommonClasses (34ms)
	RebuildNativeTypeToScriptingClass (11ms)
	initialDomainReloadingComplete (57ms)
	LoadAllAssembliesAndSetupDomain (161ms)
		LoadAssemblies (164ms)
		RebuildTransferFunctionScriptingTraits (0ms)
		AnalyzeDomain (157ms)
			TypeCache.Refresh (156ms)
				TypeCache.ScanAssembly (143ms)
			BuildScriptInfoCaches (0ms)
			ResolveRequiredComponents (0ms)
	FinalizeReload (685ms)
		ReleaseScriptCaches (0ms)
		RebuildScriptCaches (0ms)
		SetupLoadedEditorAssemblies (638ms)
			LogAssemblyErrors (0ms)
			InitializePlatformSupportModulesInManaged (457ms)
			SetLoadedEditorAssemblies (4ms)
			BeforeProcessingInitializeOnLoad (5ms)
			ProcessInitializeOnLoadAttributes (129ms)
			ProcessInitializeOnLoadMethodAttributes (43ms)
			AfterProcessingInitializeOnLoad (0ms)
			EditorAssembliesLoaded (0ms)
		ExecutionOrderSort2 (0ms)
		AwakeInstancesAfterBackupRestoration (0ms)
========================================================================
Worker process is ready to serve import requests
Import Worker Mode flag is 0x00
Begin MonoManager ReloadAssembly
- Loaded All Assemblies, in  5.003 seconds
Refreshing native plugins compatible for Editor in 12.35 ms, found 3 plugins.
Native extension for LinuxStandalone target not found
Native extension for iOS target not found
Native extension for Android target not found
Native extension for UWP target not found
Native extension for WindowsStandalone target not found
Native extension for WebGL target not found
Mono: successfully reloaded assembly
- Finished resetting the current domain, in  0.769 seconds
Domain Reload Profiling: 5766ms
	BeginReloadAssembly (667ms)
		ExecutionOrderSort (0ms)
		DisableScriptedObjects (5ms)
		BackupInstance (0ms)
		ReleaseScriptingObjects (0ms)
		CreateAndSetChildDomain (34ms)
	RebuildCommonClasses (39ms)
	RebuildNativeTypeToScriptingClass (12ms)
	initialDomainReloadingComplete (49ms)
	LoadAllAssembliesAndSetupDomain (4228ms)
		LoadAssemblies (4176ms)
		RebuildTransferFunctionScriptingTraits (0ms)
		AnalyzeDomain (203ms)
			TypeCache.Refresh (167ms)
				TypeCache.ScanAssembly (147ms)
			BuildScriptInfoCaches (28ms)
			ResolveRequiredComponents (5ms)
	FinalizeReload (770ms)
		ReleaseScriptCaches (0ms)
		RebuildScriptCaches (0ms)
		SetupLoadedEditorAssemblies (602ms)
			LogAssemblyErrors (0ms)
			InitializePlatformSupportModulesInManaged (27ms)
			SetLoadedEditorAssemblies (3ms)
			BeforeProcessingInitializeOnLoad (47ms)
			ProcessInitializeOnLoadAttributes (374ms)
			ProcessInitializeOnLoadMethodAttributes (145ms)
			AfterProcessingInitializeOnLoad (5ms)
			EditorAssembliesLoaded (0ms)
		ExecutionOrderSort2 (0ms)
		AwakeInstancesAfterBackupRestoration (8ms)
Launched and connected shader compiler UnityShaderCompiler.exe after 0.02 seconds
Refreshing native plugins compatible for Editor in 10.12 ms, found 3 plugins.
Preloading 0 native plugins for Editor in 0.00 ms.
Unloading 9 Unused Serialized files (Serialized files now loaded: 0)
Unloading 4328 unused Assets / (1.1 MB). Loaded Objects now: 5025.
Memory consumption went from 123.3 MB to 122.2 MB.
Total: 12.579700 ms (FindLiveObjects: 0.563300 ms CreateObjectMapping: 0.354600 ms MarkObjects: 10.372800 ms  DeleteObjects: 1.287600 ms)

========================================================================
Received Import Request.
  Time since last request: 606336.185730 seconds.
  path: Assets/uGameCore/Menu/Sprites/panel.png
  artifactKey: Guid(88addc0ddaa984878a5f15f8b07306be) Importer(815301076,1909f56bfc062723c751e8b465ee728b)
Start importing Assets/uGameCore/Menu/Sprites/panel.png using Guid(88addc0ddaa984878a5f15f8b07306be) Importer(815301076,1909f56bfc062723c751e8b465ee728b) (PreviewImporter) -> (artifact id: '1a823565135f6b4dacf427512ee00009') in 0.0899045 seconds
Number of updated asset objects reloaded before import = 0Number of asset objects unloaded after import = 3

========================================================================
Received Import Request.
  Time since last request: 3.667290 seconds.
  path: Assets/uGameCore/Menu/Windows/Prefabs/WindowButton.prefab
  artifactKey: Guid(23b900203044a43a1a1832f6cc3f4615) Importer(815301076,1909f56bfc062723c751e8b465ee728b)
Start importing Assets/uGameCore/Menu/Windows/Prefabs/WindowButton.prefab using Guid(23b900203044a43a1a1832f6cc3f4615) Importer(815301076,1909f56bfc062723c751e8b465ee728b) (PreviewImporter) -> (artifact id: '3efd789a879660f8ad41ddf11853aea9') in 0.0010751 seconds
Number of updated asset objects reloaded before import = 0Number of asset objects unloaded after import = 0

========================================================================
Received Import Request.
  Time since last request: 17.694178 seconds.
  path: Assets/uGameCore/Commands/Prefabs/Commands.prefab
  artifactKey: Guid(81df89b014be048e5a35dc6acd69c89c) Importer(815301076,1909f56bfc062723c751e8b465ee728b)
Start importing Assets/uGameCore/Commands/Prefabs/Commands.prefab using Guid(81df89b014be048e5a35dc6acd69c89c) Importer(815301076,1909f56bfc062723c751e8b465ee728b) (PreviewImporter) -> (artifact id: '865b09762965d2f427be98b453d50b8d') in 0.0007288 seconds
Number of updated asset objects reloaded before import = 0Number of asset objects unloaded after import = 0

========================================================================
Received Import Request.
  Time since last request: 7.662621 seconds.
  path: Assets/uGameCore/GamePlay/Prefabs/Cube.prefab
  artifactKey: Guid(8f74e131cc76c4a928c79c72e3ba2cde) Importer(815301076,1909f56bfc062723c751e8b465ee728b)
Start importing Assets/uGameCore/GamePlay/Prefabs/Cube.prefab using Guid(8f74e131cc76c4a928c79c72e3ba2cde) Importer(815301076,1909f56bfc062723c751e8b465ee728b) (PreviewImporter) -> (artifact id: '6938dfbf61c7aaad9587d53a4c5581a5') in 0.0005776 seconds
Number of updated asset objects reloaded before import = 0Number of asset objects unloaded after import = 0

========================================================================
Received Import Request.
  Time since last request: 9755.979268 seconds.
  path: Assets/Waldemarst/JapaneseGardenPackage/Prefabs/BlackPineTree_B.prefab
  artifactKey: Guid(6a8478d973ae3ac75a084871ef5cbffb) Importer(815301076,1909f56bfc062723c751e8b465ee728b)
Start importing Assets/Waldemarst/JapaneseGardenPackage/Prefabs/BlackPineTree_B.prefab using Guid(6a8478d973ae3ac75a084871ef5cbffb) Importer(815301076,1909f56bfc062723c751e8b465ee728b) (PreviewImporter) -> (artifact id: 'd823c8b4d8861bb36fda73153871ddee') in 2.4926682 seconds
Number of updated asset objects reloaded before import = 0Number of asset objects unloaded after import = 29

========================================================================
Received Import Request.
  Time since last request: 0.000027 seconds.
  path: Assets/Waldemarst/JapaneseGardenPackage/Textures/Bark/br_black_pine_bark_n.png
  artifactKey: Guid(3bc1e6d3beb3f8ad0bea213d2c274bc2) Importer(815301076,1909f56bfc062723c751e8b465ee728b)
Start importing Assets/Waldemarst/JapaneseGardenPackage/Textures/Bark/br_black_pine_bark_n.png using Guid(3bc1e6d3beb3f8ad0bea213d2c274bc2) Importer(815301076,1909f56bfc062723c751e8b465ee728b) (PreviewImporter) -> (artifact id: '0cbdf50ea65213020bc07e2625bb915f') in 0.0420167 seconds
Number of updated asset objects reloaded before import = 0Number of asset objects unloaded after import = 2

========================================================================
Received Import Request.
  Time since last request: 0.000323 seconds.
  path: Assets/uGameCore/Settings/Prefabs/Settings.prefab
  artifactKey: Guid(0b009c5dbff8e49bca3fa990e4919cac) Importer(815301076,1909f56bfc062723c751e8b465ee728b)
Start importing Assets/uGameCore/Settings/Prefabs/Settings.prefab using Guid(0b009c5dbff8e49bca3fa990e4919cac) Importer(815301076,1909f56bfc062723c751e8b465ee728b) (PreviewImporter) -> (artifact id: '1037027f7348f6d02b7adfd5e8f0fd78') in 0.0036288 seconds
Number of updated asset objects reloaded before import = 0Number of asset objects unloaded after import = 0

========================================================================
Received Import Request.
  Time since last request: 0.000266 seconds.
  path: Assets/uGameCore/SettingsMenu/Prefabs/SettingsMenuToggle.prefab
  artifactKey: Guid(752eeec079c8b42009243a500746b630) Importer(815301076,1909f56bfc062723c751e8b465ee728b)
Start importing Assets/uGameCore/SettingsMenu/Prefabs/SettingsMenuToggle.prefab using Guid(752eeec079c8b42009243a500746b630) Importer(815301076,1909f56bfc062723c751e8b465ee728b) (PreviewImporter) -> (artifact id: 'adde45f10ee821f11c596e73df4279a7') in 0.0543417 seconds
Number of updated asset objects reloaded before import = 0Number of asset objects unloaded after import = 18

========================================================================
Received Import Request.
  Time since last request: 0.000303 seconds.
  path: Assets/uGameCore/SettingsMenu/Prefabs/SettingsMenuLabel.prefab
  artifactKey: Guid(9d2a39785b4744343a8e03317e9bf173) Importer(815301076,1909f56bfc062723c751e8b465ee728b)
Start importing Assets/uGameCore/SettingsMenu/Prefabs/SettingsMenuLabel.prefab using Guid(9d2a39785b4744343a8e03317e9bf173) Importer(815301076,1909f56bfc062723c751e8b465ee728b) (PreviewImporter) -> (artifact id: 'e56bed88d1ec2c8b39d922ab17b9a6f0') in 0.0074353 seconds
Number of updated asset objects reloaded before import = 0Number of asset objects unloaded after import = 9

========================================================================
Received Import Request.
  Time since last request: 0.000236 seconds.
  path: Assets/Waldemarst/JapaneseGardenPackage/Textures/Leaves/br_black_pine_leaves.png
  artifactKey: Guid(f2bf797cf7f2048e09289b9438fd6bfb) Importer(815301076,1909f56bfc062723c751e8b465ee728b)
Start importing Assets/Waldemarst/JapaneseGardenPackage/Textures/Leaves/br_black_pine_leaves.png using Guid(f2bf797cf7f2048e09289b9438fd6bfb) Importer(815301076,1909f56bfc062723c751e8b465ee728b) (PreviewImporter) -> (artifact id: '18e42e5267189d3bda0b113086ec7964') in 0.0298173 seconds
Number of updated asset objects reloaded before import = 0Number of asset objects unloaded after import = 2

========================================================================
Received Import Request.
  Time since last request: 0.000220 seconds.
  path: Assets/Waldemarst/JapaneseGardenPackage/BroccoliJapaneseGardenTerrain.asset
  artifactKey: Guid(f5cd09a9bbdc8cb59ad62cb51fb8dcd1) Importer(815301076,1909f56bfc062723c751e8b465ee728b)
Start importing Assets/Waldemarst/JapaneseGardenPackage/BroccoliJapaneseGardenTerrain.asset using Guid(f5cd09a9bbdc8cb59ad62cb51fb8dcd1) Importer(815301076,1909f56bfc062723c751e8b465ee728b) (PreviewImporter) -> (artifact id: 'b95ea8c13bc4036c736509299acd5085') in 0.0832491 seconds
Number of updated asset objects reloaded before import = 0Number of asset objects unloaded after import = 5

========================================================================
Received Import Request.
  Time since last request: 0.000044 seconds.
  path: Assets/uGameCore/SettingsMenu/Prefabs/SettingsMenuEmptySpace.prefab
  artifactKey: Guid(c37628556770c47c0bd1fac68ad8c51d) Importer(815301076,1909f56bfc062723c751e8b465ee728b)
Start importing Assets/uGameCore/SettingsMenu/Prefabs/SettingsMenuEmptySpace.prefab using Guid(c37628556770c47c0bd1fac68ad8c51d) Importer(815301076,1909f56bfc062723c751e8b465ee728b) (PreviewImporter) -> (artifact id: 'e809c21dfa199b3e7dcff35ce9bb308e') in 0.0049546 seconds
Number of updated asset objects reloaded before import = 0Number of asset objects unloaded after import = 7

========================================================================
Received Import Request.
  Time since last request: 0.000110 seconds.
  path: Assets/Waldemarst/JapaneseGardenPackage/Textures/Bark/br_black_pine_bark.png
  artifactKey: Guid(16268af0fafb9761b9d12b83ecf3b896) Importer(815301076,1909f56bfc062723c751e8b465ee728b)
Start importing Assets/Waldemarst/JapaneseGardenPackage/Textures/Bark/br_black_pine_bark.png using Guid(16268af0fafb9761b9d12b83ecf3b896) Importer(815301076,1909f56bfc062723c751e8b465ee728b) (PreviewImporter) -> (artifact id: '2dd07880c048fae86f30b547854f0634') in 0.0264053 seconds
Number of updated asset objects reloaded before import = 0Number of asset objects unloaded after import = 2

========================================================================
Received Import Request.
  Time since last request: 0.000047 seconds.
  path: Assets/uGameCore/SettingsMenu/Prefabs/SettingsMenuInputField.prefab
  artifactKey: Guid(7501f35a050ee44fb93ce04c39c63ccf) Importer(815301076,1909f56bfc062723c751e8b465ee728b)
Start importing Assets/uGameCore/SettingsMenu/Prefabs/SettingsMenuInputField.prefab using Guid(7501f35a050ee44fb93ce04c39c63ccf) Importer(815301076,1909f56bfc062723c751e8b465ee728b) (PreviewImporter) -> (artifact id: '449661de3296d9eea27420ba7822c605') in 0.012981 seconds
Number of updated asset objects reloaded before import = 0Number of asset objects unloaded after import = 16

========================================================================
Received Import Request.
  Time since last request: 0.000071 seconds.
  path: Assets/Waldemarst/JapaneseGardenPackage/Prefabs/BlackPineTree_D.prefab
  artifactKey: Guid(18ea0683a7392d274905c95e8ec4544b) Importer(815301076,1909f56bfc062723c751e8b465ee728b)
Start importing Assets/Waldemarst/JapaneseGardenPackage/Prefabs/BlackPineTree_D.prefab using Guid(18ea0683a7392d274905c95e8ec4544b) Importer(815301076,1909f56bfc062723c751e8b465ee728b) (PreviewImporter) -> (artifact id: 'e24155eea0aac413ecf492100aa6a17a') in 0.0789525 seconds
Number of updated asset objects reloaded before import = 0Number of asset objects unloaded after import = 29

========================================================================
Received Import Request.
  Time since last request: 3.349939 seconds.
  path: Assets/Waldemarst/JapaneseGardenPackage/Prefabs/SakuraTree_E_Textures/billboard.png
  artifactKey: Guid(d34183f49cdf9dc638b455fe17e6a32b) Importer(815301076,1909f56bfc062723c751e8b465ee728b)
Start importing Assets/Waldemarst/JapaneseGardenPackage/Prefabs/SakuraTree_E_Textures/billboard.png using Guid(d34183f49cdf9dc638b455fe17e6a32b) Importer(815301076,1909f56bfc062723c751e8b465ee728b) (PreviewImporter) -> (artifact id: '15e98c140a1bc95775f587b4a40a8ef5') in 0.0392099 seconds
Number of updated asset objects reloaded before import = 0Number of asset objects unloaded after import = 2

========================================================================
Received Import Request.
  Time since last request: 0.008075 seconds.
  path: Assets/Waldemarst/JapaneseGardenPackage/Prefabs/SakuraTree_C_Textures/billboard.png
  artifactKey: Guid(59fecf9c28dcab7fd8fb66503963b428) Importer(815301076,1909f56bfc062723c751e8b465ee728b)
Start importing Assets/Waldemarst/JapaneseGardenPackage/Prefabs/SakuraTree_C_Textures/billboard.png using Guid(59fecf9c28dcab7fd8fb66503963b428) Importer(815301076,1909f56bfc062723c751e8b465ee728b) (PreviewImporter) -> (artifact id: '03ccadd2b1bbfc41d955d7daf897271d') in 0.0276837 seconds
Number of updated asset objects reloaded before import = 0Number of asset objects unloaded after import = 2

========================================================================
Received Import Request.
  Time since last request: 0.000085 seconds.
  path: Assets/Waldemarst/JapaneseGardenPackage/Prefabs/BlackPineTree_C_Textures/billboard.png
  artifactKey: Guid(130eb39ec39b053438115b996cb66725) Importer(815301076,1909f56bfc062723c751e8b465ee728b)
Start importing Assets/Waldemarst/JapaneseGardenPackage/Prefabs/BlackPineTree_C_Textures/billboard.png using Guid(130eb39ec39b053438115b996cb66725) Importer(815301076,1909f56bfc062723c751e8b465ee728b) (PreviewImporter) -> (artifact id: '3509dc2c4dd4b24ab68a5cd8a7c550a3') in 0.0241404 seconds
Number of updated asset objects reloaded before import = 0Number of asset objects unloaded after import = 2

========================================================================
Received Import Request.
  Time since last request: 0.000084 seconds.
  path: Assets/Waldemarst/JapaneseGardenPackage/Prefabs/JapaneseMapleTree_D.prefab
  artifactKey: Guid(5c8f8dde9e3fb58dda8f56008939d4fd) Importer(815301076,1909f56bfc062723c751e8b465ee728b)
Start importing Assets/Waldemarst/JapaneseGardenPackage/Prefabs/JapaneseMapleTree_D.prefab using Guid(5c8f8dde9e3fb58dda8f56008939d4fd) Importer(815301076,1909f56bfc062723c751e8b465ee728b) (PreviewImporter) -> (artifact id: '9295308463ecf9c203b518104ad59c63') in 0.0907927 seconds
Number of updated asset objects reloaded before import = 0Number of asset objects unloaded after import = 29

========================================================================
Received Import Request.
  Time since last request: 0.000083 seconds.
  path: Assets/Waldemarst/JapaneseGardenPackage/Prefabs/JapaneseMapleTree_D_Textures/billboard.png
  artifactKey: Guid(0d4e65431e057a216b6d444ce226ac7b) Importer(815301076,1909f56bfc062723c751e8b465ee728b)
Start importing Assets/Waldemarst/JapaneseGardenPackage/Prefabs/JapaneseMapleTree_D_Textures/billboard.png using Guid(0d4e65431e057a216b6d444ce226ac7b) Importer(815301076,1909f56bfc062723c751e8b465ee728b) (PreviewImporter) -> (artifact id: '24f140263a006ca67d620b2448111017') in 0.0216736 seconds
Number of updated asset objects reloaded before import = 0Number of asset objects unloaded after import = 2

========================================================================
Received Import Request.
  Time since last request: 0.000121 seconds.
  path: Assets/Waldemarst/JapaneseGardenPackage/Prefabs/SakuraTree_B_Textures/billboard.png
  artifactKey: Guid(0fa216364cadfa55f9b83ff5c84455a3) Importer(815301076,1909f56bfc062723c751e8b465ee728b)
Start importing Assets/Waldemarst/JapaneseGardenPackage/Prefabs/SakuraTree_B_Textures/billboard.png using Guid(0fa216364cadfa55f9b83ff5c84455a3) Importer(815301076,1909f56bfc062723c751e8b465ee728b) (PreviewImporter) -> (artifact id: 'f88e2b53e6f630e0c2ec8606c6e8b6c3') in 0.027364 seconds
Number of updated asset objects reloaded before import = 0Number of asset objects unloaded after import = 2

========================================================================
Received Import Request.
  Time since last request: 0.000304 seconds.
  path: Assets/Waldemarst/JapaneseGardenPackage/Prefabs/SakuraTree_D.prefab
  artifactKey: Guid(261441bc3708ec7aa8a2c288c3fab3ef) Importer(815301076,1909f56bfc062723c751e8b465ee728b)
Start importing Assets/Waldemarst/JapaneseGardenPackage/Prefabs/SakuraTree_D.prefab using Guid(261441bc3708ec7aa8a2c288c3fab3ef) Importer(815301076,1909f56bfc062723c751e8b465ee728b) (PreviewImporter) -> (artifact id: '290a886ec7884ce5dae78dd2e5f1f2a6') in 0.0764927 seconds
Number of updated asset objects reloaded before import = 0Number of asset objects unloaded after import = 28

========================================================================
Received Import Request.
  Time since last request: 0.000031 seconds.
  path: Assets/Waldemarst/JapaneseGardenPackage/Prefabs/SakuraTree_B.prefab
  artifactKey: Guid(488c1b23b5470bb4986ad7d362420766) Importer(815301076,1909f56bfc062723c751e8b465ee728b)
Start importing Assets/Waldemarst/JapaneseGardenPackage/Prefabs/SakuraTree_B.prefab using Guid(488c1b23b5470bb4986ad7d362420766) Importer(815301076,1909f56bfc062723c751e8b465ee728b) (PreviewImporter) -> (artifact id: 'a7857199795b9717109caafd43dc56fe') in 0.0722446 seconds
Number of updated asset objects reloaded before import = 0Number of asset objects unloaded after import = 28

========================================================================
Received Import Request.
  Time since last request: 0.000072 seconds.
  path: Assets/uGameCore/Menu/Audio/ButtonHoverSound.wav
  artifactKey: Guid(0f46b9ecfb41ed14b95c581b2a5a35a1) Importer(815301076,1909f56bfc062723c751e8b465ee728b)
Start importing Assets/uGameCore/Menu/Audio/ButtonHoverSound.wav using Guid(0f46b9ecfb41ed14b95c581b2a5a35a1) Importer(815301076,1909f56bfc062723c751e8b465ee728b) (PreviewImporter) -> (artifact id: '2de5275aa9584b91c06b9dd24cea4bfe') in 0.3019572 seconds
Number of updated asset objects reloaded before import = 0Number of asset objects unloaded after import = 2

========================================================================
Received Import Request.
  Time since last request: 0.000048 seconds.
  path: Assets/Waldemarst/JapaneseGardenPackage/Prefabs/SakuraTree_F.prefab
  artifactKey: Guid(9d642dd3a2ff904da90e9417ae5cddec) Importer(815301076,1909f56bfc062723c751e8b465ee728b)
Start importing Assets/Waldemarst/JapaneseGardenPackage/Prefabs/SakuraTree_F.prefab using Guid(9d642dd3a2ff904da90e9417ae5cddec) Importer(815301076,1909f56bfc062723c751e8b465ee728b) (PreviewImporter) -> (artifact id: 'c37ef8cd1083aa661ad05b69b9f11043') in 0.0672101 seconds
Number of updated asset objects reloaded before import = 0Number of asset objects unloaded after import = 28

========================================================================
Received Import Request.
  Time since last request: 0.000056 seconds.
  path: Assets/Waldemarst/JapaneseGardenPackage/Prefabs/JapaneseMapleTree_C.prefab
  artifactKey: Guid(eba8e66cbe98e874f97ecf77638129b2) Importer(815301076,1909f56bfc062723c751e8b465ee728b)
Start importing Assets/Waldemarst/JapaneseGardenPackage/Prefabs/JapaneseMapleTree_C.prefab using Guid(eba8e66cbe98e874f97ecf77638129b2) Importer(815301076,1909f56bfc062723c751e8b465ee728b) (PreviewImporter) -> (artifact id: '8ca3ab3444ffe1c9cc52bed996c50aac') in 0.0729904 seconds
Number of updated asset objects reloaded before import = 0Number of asset objects unloaded after import = 29

========================================================================
Received Import Request.
  Time since last request: 0.000023 seconds.
  path: Assets/Waldemarst/JapaneseGardenPackage/Prefabs/SakuraTree_F_Textures/billboard.png
  artifactKey: Guid(c75e397db01a62fe6bfd7b610573c7d5) Importer(815301076,1909f56bfc062723c751e8b465ee728b)
Start importing Assets/Waldemarst/JapaneseGardenPackage/Prefabs/SakuraTree_F_Textures/billboard.png using Guid(c75e397db01a62fe6bfd7b610573c7d5) Importer(815301076,1909f56bfc062723c751e8b465ee728b) (PreviewImporter) -> (artifact id: 'fa655403ee6c4ef4ab49b2a9ac110896') in 0.0222476 seconds
Number of updated asset objects reloaded before import = 0Number of asset objects unloaded after import = 2

========================================================================
Received Import Request.
  Time since last request: 0.000054 seconds.
  path: Assets/Waldemarst/JapaneseGardenPackage/Prefabs/JapaneseMapleTree_A_Textures/billboard.png
  artifactKey: Guid(953f471538c4109b8aa0c3adc9386da4) Importer(815301076,1909f56bfc062723c751e8b465ee728b)
Start importing Assets/Waldemarst/JapaneseGardenPackage/Prefabs/JapaneseMapleTree_A_Textures/billboard.png using Guid(953f471538c4109b8aa0c3adc9386da4) Importer(815301076,1909f56bfc062723c751e8b465ee728b) (PreviewImporter) -> (artifact id: '8be3f716764ca52b9bbc5a28c8670a04') in 0.0212991 seconds
Number of updated asset objects reloaded before import = 0Number of asset objects unloaded after import = 2

========================================================================
Received Import Request.
  Time since last request: 0.000092 seconds.
  path: Assets/Waldemarst/JapaneseGardenPackage/Prefabs/JapaneseMapleTree_D_Textures/billboard_normal.png
  artifactKey: Guid(a8399b53dc39bbb66af9bb83d9a9215a) Importer(815301076,1909f56bfc062723c751e8b465ee728b)
Start importing Assets/Waldemarst/JapaneseGardenPackage/Prefabs/JapaneseMapleTree_D_Textures/billboard_normal.png using Guid(a8399b53dc39bbb66af9bb83d9a9215a) Importer(815301076,1909f56bfc062723c751e8b465ee728b) (PreviewImporter) -> (artifact id: '19934e09ec59e232acc6a876810caeac') in 0.0300562 seconds
Number of updated asset objects reloaded before import = 0Number of asset objects unloaded after import = 2

========================================================================
Received Import Request.
  Time since last request: 0.000023 seconds.
  path: Assets/Waldemarst/JapaneseGardenPackage/Prefabs/SakuraTree_A.prefab
  artifactKey: Guid(1d346702b2107531e939003fb256261b) Importer(815301076,1909f56bfc062723c751e8b465ee728b)
Start importing Assets/Waldemarst/JapaneseGardenPackage/Prefabs/SakuraTree_A.prefab using Guid(1d346702b2107531e939003fb256261b) Importer(815301076,1909f56bfc062723c751e8b465ee728b) (PreviewImporter) -> (artifact id: '4b6bdc4fc4367774e7771b59f2119f6e') in 0.0588665 seconds
Number of updated asset objects reloaded before import = 0Number of asset objects unloaded after import = 28

========================================================================
Received Prepare
Refreshing native plugins compatible for Editor in 7.45 ms, found 3 plugins.
Preloading 0 native plugins for Editor in 0.00 ms.
Unloading 0 Unused Serialized files (Serialized files now loaded: 0)
Unloading 4301 unused Assets / (0.7 MB). Loaded Objects now: 5082.
Memory consumption went from 120.6 MB to 119.9 MB.
Total: 82.115200 ms (FindLiveObjects: 1.266400 ms CreateObjectMapping: 0.640100 ms MarkObjects: 79.092200 ms  DeleteObjects: 1.115000 ms)

Prepare: number of updated asset objects reloaded= 0
========================================================================
Received Import Request.
  Time since last request: 120.683328 seconds.
  path: Assets/Waldemarst/JapaneseGardenPackage/Prefabs/SakuraTree_A_Textures/billboard_normal.png
  artifactKey: Guid(f89a789be1f4d8bb48031377cb610886) Importer(815301076,1909f56bfc062723c751e8b465ee728b)
Start importing Assets/Waldemarst/JapaneseGardenPackage/Prefabs/SakuraTree_A_Textures/billboard_normal.png using Guid(f89a789be1f4d8bb48031377cb610886) Importer(815301076,1909f56bfc062723c751e8b465ee728b) (PreviewImporter) -> (artifact id: 'cc4aec59b3e735eb7bf9a8c110f30978') in 0.0294183 seconds
Number of updated asset objects reloaded before import = 0Number of asset objects unloaded after import = 2

========================================================================
Received Import Request.
  Time since last request: 0.000020 seconds.
  path: Assets/Waldemarst/JapaneseGardenPackage/Prefabs/SakuraTree_B_Textures/billboard_normal.png
  artifactKey: Guid(bbb9b407c59b57e708adbdfb8803749f) Importer(815301076,1909f56bfc062723c751e8b465ee728b)
Start importing Assets/Waldemarst/JapaneseGardenPackage/Prefabs/SakuraTree_B_Textures/billboard_normal.png using Guid(bbb9b407c59b57e708adbdfb8803749f) Importer(815301076,1909f56bfc062723c751e8b465ee728b) (PreviewImporter) -> (artifact id: '35518e549e97119007bb0a836021975c') in 0.0231395 seconds
Number of updated asset objects reloaded before import = 0Number of asset objects unloaded after import = 2

